{"E:\\Monash-Learning-Materials\\2020-S2\\FIT3170\\monash-tutor-allocation-system\\server\\dist\\src\\entity\\Activity.js": {"path":"E:\\Monash-Learning-Materials\\2020-S2\\FIT3170\\monash-tutor-allocation-system\\server\\dist\\src\\entity\\Activity.js","statementMap":{"0":{"start":{"line":2,"column":17},"end":{"line":7,"column":1}},"1":{"start":{"line":3,"column":12},"end":{"line":3,"column":28}},"2":{"start":{"line":3,"column":34},"end":{"line":3,"column":125}},"3":{"start":{"line":4,"column":4},"end":{"line":5,"column":150}},"4":{"start":{"line":4,"column":79},"end":{"line":4,"column":131}},"5":{"start":{"line":5,"column":9},"end":{"line":5,"column":150}},"6":{"start":{"line":5,"column":22},"end":{"line":5,"column":43}},"7":{"start":{"line":5,"column":58},"end":{"line":5,"column":150}},"8":{"start":{"line":5,"column":81},"end":{"line":5,"column":150}},"9":{"start":{"line":6,"column":4},"end":{"line":6,"column":66}},"10":{"start":{"line":8,"column":17},"end":{"line":10,"column":1}},"11":{"start":{"line":9,"column":4},"end":{"line":9,"column":109}},"12":{"start":{"line":9,"column":79},"end":{"line":9,"column":109}},"13":{"start":{"line":11,"column":0},"end":{"line":11,"column":62}},"14":{"start":{"line":12,"column":0},"end":{"line":12,"column":26}},"15":{"start":{"line":13,"column":18},"end":{"line":13,"column":36}},"16":{"start":{"line":14,"column":20},"end":{"line":14,"column":49}},"17":{"start":{"line":15,"column":21},"end":{"line":15,"column":44}},"18":{"start":{"line":16,"column":15},"end":{"line":16,"column":32}},"19":{"start":{"line":17,"column":15},"end":{"line":18,"column":1}},"20":{"start":{"line":19,"column":0},"end":{"line":22,"column":37}},"21":{"start":{"line":23,"column":0},"end":{"line":26,"column":47}},"22":{"start":{"line":27,"column":0},"end":{"line":30,"column":48}},"23":{"start":{"line":31,"column":0},"end":{"line":37,"column":41}},"24":{"start":{"line":38,"column":0},"end":{"line":41,"column":43}},"25":{"start":{"line":42,"column":0},"end":{"line":45,"column":43}},"26":{"start":{"line":46,"column":0},"end":{"line":51,"column":44}},"27":{"start":{"line":52,"column":0},"end":{"line":55,"column":44}},"28":{"start":{"line":56,"column":0},"end":{"line":59,"column":46}},"29":{"start":{"line":57,"column":30},"end":{"line":57,"column":53}},"30":{"start":{"line":57,"column":71},"end":{"line":57,"column":90}},"31":{"start":{"line":60,"column":0},"end":{"line":64,"column":39}},"32":{"start":{"line":61,"column":30},"end":{"line":61,"column":41}},"33":{"start":{"line":61,"column":53},"end":{"line":61,"column":68}},"34":{"start":{"line":65,"column":0},"end":{"line":68,"column":41}},"35":{"start":{"line":69,"column":0},"end":{"line":72,"column":13}},"36":{"start":{"line":73,"column":0},"end":{"line":73,"column":28}}},"fnMap":{"0":{"name":"(anonymous_0)","decl":{"start":{"line":2,"column":46},"end":{"line":2,"column":47}},"loc":{"start":{"line":2,"column":87},"end":{"line":7,"column":1}},"line":2},"1":{"name":"(anonymous_1)","decl":{"start":{"line":8,"column":46},"end":{"line":8,"column":47}},"loc":{"start":{"line":8,"column":62},"end":{"line":10,"column":1}},"line":8},"2":{"name":"(anonymous_2)","decl":{"start":{"line":57,"column":24},"end":{"line":57,"column":25}},"loc":{"start":{"line":57,"column":30},"end":{"line":57,"column":53}},"line":57},"3":{"name":"(anonymous_3)","decl":{"start":{"line":57,"column":55},"end":{"line":57,"column":56}},"loc":{"start":{"line":57,"column":71},"end":{"line":57,"column":90}},"line":57},"4":{"name":"(anonymous_4)","decl":{"start":{"line":61,"column":24},"end":{"line":61,"column":25}},"loc":{"start":{"line":61,"column":30},"end":{"line":61,"column":41}},"line":61},"5":{"name":"(anonymous_5)","decl":{"start":{"line":61,"column":43},"end":{"line":61,"column":44}},"loc":{"start":{"line":61,"column":53},"end":{"line":61,"column":68}},"line":61}},"branchMap":{"0":{"loc":{"start":{"line":2,"column":17},"end":{"line":7,"column":1}},"type":"binary-expr","locations":[{"start":{"line":2,"column":18},"end":{"line":2,"column":22}},{"start":{"line":2,"column":26},"end":{"line":2,"column":41}},{"start":{"line":2,"column":46},"end":{"line":7,"column":1}}],"line":2},"1":{"loc":{"start":{"line":3,"column":34},"end":{"line":3,"column":125}},"type":"cond-expr","locations":[{"start":{"line":3,"column":42},"end":{"line":3,"column":48}},{"start":{"line":3,"column":51},"end":{"line":3,"column":125}}],"line":3},"2":{"loc":{"start":{"line":3,"column":51},"end":{"line":3,"column":125}},"type":"cond-expr","locations":[{"start":{"line":3,"column":67},"end":{"line":3,"column":118}},{"start":{"line":3,"column":121},"end":{"line":3,"column":125}}],"line":3},"3":{"loc":{"start":{"line":4,"column":4},"end":{"line":5,"column":150}},"type":"if","locations":[{"start":{"line":4,"column":4},"end":{"line":5,"column":150}},{"start":{"line":4,"column":4},"end":{"line":5,"column":150}}],"line":4},"4":{"loc":{"start":{"line":4,"column":8},"end":{"line":4,"column":77}},"type":"binary-expr","locations":[{"start":{"line":4,"column":8},"end":{"line":4,"column":35}},{"start":{"line":4,"column":39},"end":{"line":4,"column":77}}],"line":4},"5":{"loc":{"start":{"line":5,"column":58},"end":{"line":5,"column":150}},"type":"if","locations":[{"start":{"line":5,"column":58},"end":{"line":5,"column":150}},{"start":{"line":5,"column":58},"end":{"line":5,"column":150}}],"line":5},"6":{"loc":{"start":{"line":5,"column":85},"end":{"line":5,"column":149}},"type":"binary-expr","locations":[{"start":{"line":5,"column":86},"end":{"line":5,"column":143}},{"start":{"line":5,"column":148},"end":{"line":5,"column":149}}],"line":5},"7":{"loc":{"start":{"line":5,"column":86},"end":{"line":5,"column":143}},"type":"cond-expr","locations":[{"start":{"line":5,"column":94},"end":{"line":5,"column":98}},{"start":{"line":5,"column":101},"end":{"line":5,"column":143}}],"line":5},"8":{"loc":{"start":{"line":5,"column":101},"end":{"line":5,"column":143}},"type":"cond-expr","locations":[{"start":{"line":5,"column":109},"end":{"line":5,"column":126}},{"start":{"line":5,"column":129},"end":{"line":5,"column":143}}],"line":5},"9":{"loc":{"start":{"line":6,"column":11},"end":{"line":6,"column":62}},"type":"binary-expr","locations":[{"start":{"line":6,"column":11},"end":{"line":6,"column":16}},{"start":{"line":6,"column":20},"end":{"line":6,"column":21}},{"start":{"line":6,"column":25},"end":{"line":6,"column":62}}],"line":6},"10":{"loc":{"start":{"line":8,"column":17},"end":{"line":10,"column":1}},"type":"binary-expr","locations":[{"start":{"line":8,"column":18},"end":{"line":8,"column":22}},{"start":{"line":8,"column":26},"end":{"line":8,"column":41}},{"start":{"line":8,"column":46},"end":{"line":10,"column":1}}],"line":8},"11":{"loc":{"start":{"line":9,"column":4},"end":{"line":9,"column":109}},"type":"if","locations":[{"start":{"line":9,"column":4},"end":{"line":9,"column":109}},{"start":{"line":9,"column":4},"end":{"line":9,"column":109}}],"line":9},"12":{"loc":{"start":{"line":9,"column":8},"end":{"line":9,"column":77}},"type":"binary-expr","locations":[{"start":{"line":9,"column":8},"end":{"line":9,"column":35}},{"start":{"line":9,"column":39},"end":{"line":9,"column":77}}],"line":9}},"s":{"0":1,"1":12,"2":12,"3":12,"4":12,"5":0,"6":0,"7":0,"8":0,"9":12,"10":1,"11":11,"12":11,"13":1,"14":1,"15":1,"16":1,"17":1,"18":1,"19":1,"20":1,"21":1,"22":1,"23":1,"24":1,"25":1,"26":1,"27":1,"28":1,"29":0,"30":0,"31":1,"32":0,"33":0,"34":1,"35":1,"36":1},"f":{"0":12,"1":11,"2":0,"3":0,"4":0,"5":0},"b":{"0":[1,1,1],"1":[1,11],"2":[0,11],"3":[12,0],"4":[12,12],"5":[0,0],"6":[0,0],"7":[0,0],"8":[0,0],"9":[12,11,0],"10":[1,1,1],"11":[11,0],"12":[11,11]},"inputSourceMap":null,"_coverageSchema":"1a1c01bbd47fc00a2c39e90264f33305004495a9","hash":"2fae0ea7b178e4814bb68de124cf3433e7a21a10"}
,"E:\\Monash-Learning-Materials\\2020-S2\\FIT3170\\monash-tutor-allocation-system\\server\\dist\\src\\entity\\Allocation.js": {"path":"E:\\Monash-Learning-Materials\\2020-S2\\FIT3170\\monash-tutor-allocation-system\\server\\dist\\src\\entity\\Allocation.js","statementMap":{"0":{"start":{"line":2,"column":17},"end":{"line":7,"column":1}},"1":{"start":{"line":3,"column":12},"end":{"line":3,"column":28}},"2":{"start":{"line":3,"column":34},"end":{"line":3,"column":125}},"3":{"start":{"line":4,"column":4},"end":{"line":5,"column":150}},"4":{"start":{"line":4,"column":79},"end":{"line":4,"column":131}},"5":{"start":{"line":5,"column":9},"end":{"line":5,"column":150}},"6":{"start":{"line":5,"column":22},"end":{"line":5,"column":43}},"7":{"start":{"line":5,"column":58},"end":{"line":5,"column":150}},"8":{"start":{"line":5,"column":81},"end":{"line":5,"column":150}},"9":{"start":{"line":6,"column":4},"end":{"line":6,"column":66}},"10":{"start":{"line":8,"column":17},"end":{"line":10,"column":1}},"11":{"start":{"line":9,"column":4},"end":{"line":9,"column":109}},"12":{"start":{"line":9,"column":79},"end":{"line":9,"column":109}},"13":{"start":{"line":11,"column":0},"end":{"line":11,"column":62}},"14":{"start":{"line":12,"column":0},"end":{"line":12,"column":28}},"15":{"start":{"line":13,"column":18},"end":{"line":13,"column":36}},"16":{"start":{"line":14,"column":19},"end":{"line":14,"column":40}},"17":{"start":{"line":15,"column":16},"end":{"line":15,"column":34}},"18":{"start":{"line":16,"column":17},"end":{"line":17,"column":1}},"19":{"start":{"line":18,"column":0},"end":{"line":21,"column":39}},"20":{"start":{"line":22,"column":0},"end":{"line":27,"column":45}},"21":{"start":{"line":23,"column":30},"end":{"line":23,"column":49}},"22":{"start":{"line":23,"column":65},"end":{"line":23,"column":85}},"23":{"start":{"line":28,"column":0},"end":{"line":31,"column":47}},"24":{"start":{"line":29,"column":32},"end":{"line":29,"column":42}},"25":{"start":{"line":32,"column":0},"end":{"line":35,"column":42}},"26":{"start":{"line":33,"column":30},"end":{"line":33,"column":43}},"27":{"start":{"line":33,"column":56},"end":{"line":33,"column":73}},"28":{"start":{"line":36,"column":0},"end":{"line":39,"column":44}},"29":{"start":{"line":37,"column":32},"end":{"line":37,"column":39}},"30":{"start":{"line":40,"column":0},"end":{"line":42,"column":15}},"31":{"start":{"line":43,"column":0},"end":{"line":43,"column":32}}},"fnMap":{"0":{"name":"(anonymous_0)","decl":{"start":{"line":2,"column":46},"end":{"line":2,"column":47}},"loc":{"start":{"line":2,"column":87},"end":{"line":7,"column":1}},"line":2},"1":{"name":"(anonymous_1)","decl":{"start":{"line":8,"column":46},"end":{"line":8,"column":47}},"loc":{"start":{"line":8,"column":62},"end":{"line":10,"column":1}},"line":8},"2":{"name":"(anonymous_2)","decl":{"start":{"line":23,"column":24},"end":{"line":23,"column":25}},"loc":{"start":{"line":23,"column":30},"end":{"line":23,"column":49}},"line":23},"3":{"name":"(anonymous_3)","decl":{"start":{"line":23,"column":51},"end":{"line":23,"column":52}},"loc":{"start":{"line":23,"column":65},"end":{"line":23,"column":85}},"line":23},"4":{"name":"(anonymous_4)","decl":{"start":{"line":29,"column":25},"end":{"line":29,"column":26}},"loc":{"start":{"line":29,"column":32},"end":{"line":29,"column":42}},"line":29},"5":{"name":"(anonymous_5)","decl":{"start":{"line":33,"column":24},"end":{"line":33,"column":25}},"loc":{"start":{"line":33,"column":30},"end":{"line":33,"column":43}},"line":33},"6":{"name":"(anonymous_6)","decl":{"start":{"line":33,"column":45},"end":{"line":33,"column":46}},"loc":{"start":{"line":33,"column":56},"end":{"line":33,"column":73}},"line":33},"7":{"name":"(anonymous_7)","decl":{"start":{"line":37,"column":25},"end":{"line":37,"column":26}},"loc":{"start":{"line":37,"column":32},"end":{"line":37,"column":39}},"line":37}},"branchMap":{"0":{"loc":{"start":{"line":2,"column":17},"end":{"line":7,"column":1}},"type":"binary-expr","locations":[{"start":{"line":2,"column":18},"end":{"line":2,"column":22}},{"start":{"line":2,"column":26},"end":{"line":2,"column":41}},{"start":{"line":2,"column":46},"end":{"line":7,"column":1}}],"line":2},"1":{"loc":{"start":{"line":3,"column":34},"end":{"line":3,"column":125}},"type":"cond-expr","locations":[{"start":{"line":3,"column":42},"end":{"line":3,"column":48}},{"start":{"line":3,"column":51},"end":{"line":3,"column":125}}],"line":3},"2":{"loc":{"start":{"line":3,"column":51},"end":{"line":3,"column":125}},"type":"cond-expr","locations":[{"start":{"line":3,"column":67},"end":{"line":3,"column":118}},{"start":{"line":3,"column":121},"end":{"line":3,"column":125}}],"line":3},"3":{"loc":{"start":{"line":4,"column":4},"end":{"line":5,"column":150}},"type":"if","locations":[{"start":{"line":4,"column":4},"end":{"line":5,"column":150}},{"start":{"line":4,"column":4},"end":{"line":5,"column":150}}],"line":4},"4":{"loc":{"start":{"line":4,"column":8},"end":{"line":4,"column":77}},"type":"binary-expr","locations":[{"start":{"line":4,"column":8},"end":{"line":4,"column":35}},{"start":{"line":4,"column":39},"end":{"line":4,"column":77}}],"line":4},"5":{"loc":{"start":{"line":5,"column":58},"end":{"line":5,"column":150}},"type":"if","locations":[{"start":{"line":5,"column":58},"end":{"line":5,"column":150}},{"start":{"line":5,"column":58},"end":{"line":5,"column":150}}],"line":5},"6":{"loc":{"start":{"line":5,"column":85},"end":{"line":5,"column":149}},"type":"binary-expr","locations":[{"start":{"line":5,"column":86},"end":{"line":5,"column":143}},{"start":{"line":5,"column":148},"end":{"line":5,"column":149}}],"line":5},"7":{"loc":{"start":{"line":5,"column":86},"end":{"line":5,"column":143}},"type":"cond-expr","locations":[{"start":{"line":5,"column":94},"end":{"line":5,"column":98}},{"start":{"line":5,"column":101},"end":{"line":5,"column":143}}],"line":5},"8":{"loc":{"start":{"line":5,"column":101},"end":{"line":5,"column":143}},"type":"cond-expr","locations":[{"start":{"line":5,"column":109},"end":{"line":5,"column":126}},{"start":{"line":5,"column":129},"end":{"line":5,"column":143}}],"line":5},"9":{"loc":{"start":{"line":6,"column":11},"end":{"line":6,"column":62}},"type":"binary-expr","locations":[{"start":{"line":6,"column":11},"end":{"line":6,"column":16}},{"start":{"line":6,"column":20},"end":{"line":6,"column":21}},{"start":{"line":6,"column":25},"end":{"line":6,"column":62}}],"line":6},"10":{"loc":{"start":{"line":8,"column":17},"end":{"line":10,"column":1}},"type":"binary-expr","locations":[{"start":{"line":8,"column":18},"end":{"line":8,"column":22}},{"start":{"line":8,"column":26},"end":{"line":8,"column":41}},{"start":{"line":8,"column":46},"end":{"line":10,"column":1}}],"line":8},"11":{"loc":{"start":{"line":9,"column":4},"end":{"line":9,"column":109}},"type":"if","locations":[{"start":{"line":9,"column":4},"end":{"line":9,"column":109}},{"start":{"line":9,"column":4},"end":{"line":9,"column":109}}],"line":9},"12":{"loc":{"start":{"line":9,"column":8},"end":{"line":9,"column":77}},"type":"binary-expr","locations":[{"start":{"line":9,"column":8},"end":{"line":9,"column":35}},{"start":{"line":9,"column":39},"end":{"line":9,"column":77}}],"line":9}},"s":{"0":1,"1":6,"2":6,"3":6,"4":6,"5":0,"6":0,"7":0,"8":0,"9":6,"10":1,"11":5,"12":5,"13":1,"14":1,"15":1,"16":1,"17":1,"18":1,"19":1,"20":1,"21":0,"22":0,"23":1,"24":0,"25":1,"26":0,"27":0,"28":1,"29":0,"30":1,"31":1},"f":{"0":6,"1":5,"2":0,"3":0,"4":0,"5":0,"6":0,"7":0},"b":{"0":[1,1,1],"1":[1,5],"2":[0,5],"3":[6,0],"4":[6,6],"5":[0,0],"6":[0,0],"7":[0,0],"8":[0,0],"9":[6,5,0],"10":[1,1,1],"11":[5,0],"12":[5,5]},"inputSourceMap":null,"_coverageSchema":"1a1c01bbd47fc00a2c39e90264f33305004495a9","hash":"155c562dd967b4d996d7279a6a170b3a77541ef6"}
,"E:\\Monash-Learning-Materials\\2020-S2\\FIT3170\\monash-tutor-allocation-system\\server\\dist\\src\\entity\\Availability.js": {"path":"E:\\Monash-Learning-Materials\\2020-S2\\FIT3170\\monash-tutor-allocation-system\\server\\dist\\src\\entity\\Availability.js","statementMap":{"0":{"start":{"line":2,"column":17},"end":{"line":7,"column":1}},"1":{"start":{"line":3,"column":12},"end":{"line":3,"column":28}},"2":{"start":{"line":3,"column":34},"end":{"line":3,"column":125}},"3":{"start":{"line":4,"column":4},"end":{"line":5,"column":150}},"4":{"start":{"line":4,"column":79},"end":{"line":4,"column":131}},"5":{"start":{"line":5,"column":9},"end":{"line":5,"column":150}},"6":{"start":{"line":5,"column":22},"end":{"line":5,"column":43}},"7":{"start":{"line":5,"column":58},"end":{"line":5,"column":150}},"8":{"start":{"line":5,"column":81},"end":{"line":5,"column":150}},"9":{"start":{"line":6,"column":4},"end":{"line":6,"column":66}},"10":{"start":{"line":8,"column":17},"end":{"line":10,"column":1}},"11":{"start":{"line":9,"column":4},"end":{"line":9,"column":109}},"12":{"start":{"line":9,"column":79},"end":{"line":9,"column":109}},"13":{"start":{"line":11,"column":0},"end":{"line":11,"column":62}},"14":{"start":{"line":12,"column":0},"end":{"line":12,"column":30}},"15":{"start":{"line":13,"column":18},"end":{"line":13,"column":36}},"16":{"start":{"line":14,"column":20},"end":{"line":14,"column":49}},"17":{"start":{"line":15,"column":16},"end":{"line":15,"column":34}},"18":{"start":{"line":16,"column":19},"end":{"line":17,"column":1}},"19":{"start":{"line":18,"column":0},"end":{"line":21,"column":41}},"20":{"start":{"line":22,"column":0},"end":{"line":25,"column":42}},"21":{"start":{"line":26,"column":0},"end":{"line":29,"column":48}},"22":{"start":{"line":30,"column":0},"end":{"line":33,"column":46}},"23":{"start":{"line":34,"column":0},"end":{"line":37,"column":43}},"24":{"start":{"line":38,"column":0},"end":{"line":41,"column":47}},"25":{"start":{"line":42,"column":0},"end":{"line":45,"column":58}},"26":{"start":{"line":46,"column":0},"end":{"line":49,"column":44}},"27":{"start":{"line":47,"column":30},"end":{"line":47,"column":43}},"28":{"start":{"line":47,"column":56},"end":{"line":47,"column":74}},"29":{"start":{"line":50,"column":0},"end":{"line":53,"column":46}},"30":{"start":{"line":51,"column":32},"end":{"line":51,"column":39}},"31":{"start":{"line":54,"column":0},"end":{"line":56,"column":17}},"32":{"start":{"line":57,"column":0},"end":{"line":57,"column":36}}},"fnMap":{"0":{"name":"(anonymous_0)","decl":{"start":{"line":2,"column":46},"end":{"line":2,"column":47}},"loc":{"start":{"line":2,"column":87},"end":{"line":7,"column":1}},"line":2},"1":{"name":"(anonymous_1)","decl":{"start":{"line":8,"column":46},"end":{"line":8,"column":47}},"loc":{"start":{"line":8,"column":62},"end":{"line":10,"column":1}},"line":8},"2":{"name":"(anonymous_2)","decl":{"start":{"line":47,"column":24},"end":{"line":47,"column":25}},"loc":{"start":{"line":47,"column":30},"end":{"line":47,"column":43}},"line":47},"3":{"name":"(anonymous_3)","decl":{"start":{"line":47,"column":45},"end":{"line":47,"column":46}},"loc":{"start":{"line":47,"column":56},"end":{"line":47,"column":74}},"line":47},"4":{"name":"(anonymous_4)","decl":{"start":{"line":51,"column":25},"end":{"line":51,"column":26}},"loc":{"start":{"line":51,"column":32},"end":{"line":51,"column":39}},"line":51}},"branchMap":{"0":{"loc":{"start":{"line":2,"column":17},"end":{"line":7,"column":1}},"type":"binary-expr","locations":[{"start":{"line":2,"column":18},"end":{"line":2,"column":22}},{"start":{"line":2,"column":26},"end":{"line":2,"column":41}},{"start":{"line":2,"column":46},"end":{"line":7,"column":1}}],"line":2},"1":{"loc":{"start":{"line":3,"column":34},"end":{"line":3,"column":125}},"type":"cond-expr","locations":[{"start":{"line":3,"column":42},"end":{"line":3,"column":48}},{"start":{"line":3,"column":51},"end":{"line":3,"column":125}}],"line":3},"2":{"loc":{"start":{"line":3,"column":51},"end":{"line":3,"column":125}},"type":"cond-expr","locations":[{"start":{"line":3,"column":67},"end":{"line":3,"column":118}},{"start":{"line":3,"column":121},"end":{"line":3,"column":125}}],"line":3},"3":{"loc":{"start":{"line":4,"column":4},"end":{"line":5,"column":150}},"type":"if","locations":[{"start":{"line":4,"column":4},"end":{"line":5,"column":150}},{"start":{"line":4,"column":4},"end":{"line":5,"column":150}}],"line":4},"4":{"loc":{"start":{"line":4,"column":8},"end":{"line":4,"column":77}},"type":"binary-expr","locations":[{"start":{"line":4,"column":8},"end":{"line":4,"column":35}},{"start":{"line":4,"column":39},"end":{"line":4,"column":77}}],"line":4},"5":{"loc":{"start":{"line":5,"column":58},"end":{"line":5,"column":150}},"type":"if","locations":[{"start":{"line":5,"column":58},"end":{"line":5,"column":150}},{"start":{"line":5,"column":58},"end":{"line":5,"column":150}}],"line":5},"6":{"loc":{"start":{"line":5,"column":85},"end":{"line":5,"column":149}},"type":"binary-expr","locations":[{"start":{"line":5,"column":86},"end":{"line":5,"column":143}},{"start":{"line":5,"column":148},"end":{"line":5,"column":149}}],"line":5},"7":{"loc":{"start":{"line":5,"column":86},"end":{"line":5,"column":143}},"type":"cond-expr","locations":[{"start":{"line":5,"column":94},"end":{"line":5,"column":98}},{"start":{"line":5,"column":101},"end":{"line":5,"column":143}}],"line":5},"8":{"loc":{"start":{"line":5,"column":101},"end":{"line":5,"column":143}},"type":"cond-expr","locations":[{"start":{"line":5,"column":109},"end":{"line":5,"column":126}},{"start":{"line":5,"column":129},"end":{"line":5,"column":143}}],"line":5},"9":{"loc":{"start":{"line":6,"column":11},"end":{"line":6,"column":62}},"type":"binary-expr","locations":[{"start":{"line":6,"column":11},"end":{"line":6,"column":16}},{"start":{"line":6,"column":20},"end":{"line":6,"column":21}},{"start":{"line":6,"column":25},"end":{"line":6,"column":62}}],"line":6},"10":{"loc":{"start":{"line":8,"column":17},"end":{"line":10,"column":1}},"type":"binary-expr","locations":[{"start":{"line":8,"column":18},"end":{"line":8,"column":22}},{"start":{"line":8,"column":26},"end":{"line":8,"column":41}},{"start":{"line":8,"column":46},"end":{"line":10,"column":1}}],"line":8},"11":{"loc":{"start":{"line":9,"column":4},"end":{"line":9,"column":109}},"type":"if","locations":[{"start":{"line":9,"column":4},"end":{"line":9,"column":109}},{"start":{"line":9,"column":4},"end":{"line":9,"column":109}}],"line":9},"12":{"loc":{"start":{"line":9,"column":8},"end":{"line":9,"column":77}},"type":"binary-expr","locations":[{"start":{"line":9,"column":8},"end":{"line":9,"column":35}},{"start":{"line":9,"column":39},"end":{"line":9,"column":77}}],"line":9}},"s":{"0":1,"1":10,"2":10,"3":10,"4":10,"5":0,"6":0,"7":0,"8":0,"9":10,"10":1,"11":9,"12":9,"13":1,"14":1,"15":1,"16":1,"17":1,"18":1,"19":1,"20":1,"21":1,"22":1,"23":1,"24":1,"25":1,"26":1,"27":0,"28":0,"29":1,"30":0,"31":1,"32":1},"f":{"0":10,"1":9,"2":0,"3":0,"4":0},"b":{"0":[1,1,1],"1":[1,9],"2":[0,9],"3":[10,0],"4":[10,10],"5":[0,0],"6":[0,0],"7":[0,0],"8":[0,0],"9":[10,9,0],"10":[1,1,1],"11":[9,0],"12":[9,9]},"inputSourceMap":null,"_coverageSchema":"1a1c01bbd47fc00a2c39e90264f33305004495a9","hash":"0799a08b53ce177c6edd2a460008a6053d5ec39b"}
,"E:\\Monash-Learning-Materials\\2020-S2\\FIT3170\\monash-tutor-allocation-system\\server\\dist\\src\\entity\\Role.js": {"path":"E:\\Monash-Learning-Materials\\2020-S2\\FIT3170\\monash-tutor-allocation-system\\server\\dist\\src\\entity\\Role.js","statementMap":{"0":{"start":{"line":2,"column":17},"end":{"line":7,"column":1}},"1":{"start":{"line":3,"column":12},"end":{"line":3,"column":28}},"2":{"start":{"line":3,"column":34},"end":{"line":3,"column":125}},"3":{"start":{"line":4,"column":4},"end":{"line":5,"column":150}},"4":{"start":{"line":4,"column":79},"end":{"line":4,"column":131}},"5":{"start":{"line":5,"column":9},"end":{"line":5,"column":150}},"6":{"start":{"line":5,"column":22},"end":{"line":5,"column":43}},"7":{"start":{"line":5,"column":58},"end":{"line":5,"column":150}},"8":{"start":{"line":5,"column":81},"end":{"line":5,"column":150}},"9":{"start":{"line":6,"column":4},"end":{"line":6,"column":66}},"10":{"start":{"line":8,"column":17},"end":{"line":10,"column":1}},"11":{"start":{"line":9,"column":4},"end":{"line":9,"column":109}},"12":{"start":{"line":9,"column":79},"end":{"line":9,"column":109}},"13":{"start":{"line":11,"column":0},"end":{"line":11,"column":62}},"14":{"start":{"line":12,"column":0},"end":{"line":12,"column":22}},"15":{"start":{"line":13,"column":18},"end":{"line":13,"column":36}},"16":{"start":{"line":14,"column":19},"end":{"line":14,"column":46}},"17":{"start":{"line":15,"column":11},"end":{"line":15,"column":23}},"18":{"start":{"line":16,"column":15},"end":{"line":16,"column":32}},"19":{"start":{"line":17,"column":11},"end":{"line":18,"column":1}},"20":{"start":{"line":19,"column":0},"end":{"line":22,"column":33}},"21":{"start":{"line":23,"column":0},"end":{"line":26,"column":36}},"22":{"start":{"line":27,"column":0},"end":{"line":31,"column":35}},"23":{"start":{"line":28,"column":30},"end":{"line":28,"column":41}},"24":{"start":{"line":32,"column":0},"end":{"line":35,"column":37}},"25":{"start":{"line":36,"column":0},"end":{"line":40,"column":36}},"26":{"start":{"line":37,"column":30},"end":{"line":37,"column":38}},"27":{"start":{"line":41,"column":0},"end":{"line":44,"column":38}},"28":{"start":{"line":45,"column":0},"end":{"line":48,"column":9}},"29":{"start":{"line":49,"column":0},"end":{"line":49,"column":20}}},"fnMap":{"0":{"name":"(anonymous_0)","decl":{"start":{"line":2,"column":46},"end":{"line":2,"column":47}},"loc":{"start":{"line":2,"column":87},"end":{"line":7,"column":1}},"line":2},"1":{"name":"(anonymous_1)","decl":{"start":{"line":8,"column":46},"end":{"line":8,"column":47}},"loc":{"start":{"line":8,"column":62},"end":{"line":10,"column":1}},"line":8},"2":{"name":"(anonymous_2)","decl":{"start":{"line":28,"column":24},"end":{"line":28,"column":25}},"loc":{"start":{"line":28,"column":30},"end":{"line":28,"column":41}},"line":28},"3":{"name":"(anonymous_3)","decl":{"start":{"line":37,"column":24},"end":{"line":37,"column":25}},"loc":{"start":{"line":37,"column":30},"end":{"line":37,"column":38}},"line":37}},"branchMap":{"0":{"loc":{"start":{"line":2,"column":17},"end":{"line":7,"column":1}},"type":"binary-expr","locations":[{"start":{"line":2,"column":18},"end":{"line":2,"column":22}},{"start":{"line":2,"column":26},"end":{"line":2,"column":41}},{"start":{"line":2,"column":46},"end":{"line":7,"column":1}}],"line":2},"1":{"loc":{"start":{"line":3,"column":34},"end":{"line":3,"column":125}},"type":"cond-expr","locations":[{"start":{"line":3,"column":42},"end":{"line":3,"column":48}},{"start":{"line":3,"column":51},"end":{"line":3,"column":125}}],"line":3},"2":{"loc":{"start":{"line":3,"column":51},"end":{"line":3,"column":125}},"type":"cond-expr","locations":[{"start":{"line":3,"column":67},"end":{"line":3,"column":118}},{"start":{"line":3,"column":121},"end":{"line":3,"column":125}}],"line":3},"3":{"loc":{"start":{"line":4,"column":4},"end":{"line":5,"column":150}},"type":"if","locations":[{"start":{"line":4,"column":4},"end":{"line":5,"column":150}},{"start":{"line":4,"column":4},"end":{"line":5,"column":150}}],"line":4},"4":{"loc":{"start":{"line":4,"column":8},"end":{"line":4,"column":77}},"type":"binary-expr","locations":[{"start":{"line":4,"column":8},"end":{"line":4,"column":35}},{"start":{"line":4,"column":39},"end":{"line":4,"column":77}}],"line":4},"5":{"loc":{"start":{"line":5,"column":58},"end":{"line":5,"column":150}},"type":"if","locations":[{"start":{"line":5,"column":58},"end":{"line":5,"column":150}},{"start":{"line":5,"column":58},"end":{"line":5,"column":150}}],"line":5},"6":{"loc":{"start":{"line":5,"column":85},"end":{"line":5,"column":149}},"type":"binary-expr","locations":[{"start":{"line":5,"column":86},"end":{"line":5,"column":143}},{"start":{"line":5,"column":148},"end":{"line":5,"column":149}}],"line":5},"7":{"loc":{"start":{"line":5,"column":86},"end":{"line":5,"column":143}},"type":"cond-expr","locations":[{"start":{"line":5,"column":94},"end":{"line":5,"column":98}},{"start":{"line":5,"column":101},"end":{"line":5,"column":143}}],"line":5},"8":{"loc":{"start":{"line":5,"column":101},"end":{"line":5,"column":143}},"type":"cond-expr","locations":[{"start":{"line":5,"column":109},"end":{"line":5,"column":126}},{"start":{"line":5,"column":129},"end":{"line":5,"column":143}}],"line":5},"9":{"loc":{"start":{"line":6,"column":11},"end":{"line":6,"column":62}},"type":"binary-expr","locations":[{"start":{"line":6,"column":11},"end":{"line":6,"column":16}},{"start":{"line":6,"column":20},"end":{"line":6,"column":21}},{"start":{"line":6,"column":25},"end":{"line":6,"column":62}}],"line":6},"10":{"loc":{"start":{"line":8,"column":17},"end":{"line":10,"column":1}},"type":"binary-expr","locations":[{"start":{"line":8,"column":18},"end":{"line":8,"column":22}},{"start":{"line":8,"column":26},"end":{"line":8,"column":41}},{"start":{"line":8,"column":46},"end":{"line":10,"column":1}}],"line":8},"11":{"loc":{"start":{"line":9,"column":4},"end":{"line":9,"column":109}},"type":"if","locations":[{"start":{"line":9,"column":4},"end":{"line":9,"column":109}},{"start":{"line":9,"column":4},"end":{"line":9,"column":109}}],"line":9},"12":{"loc":{"start":{"line":9,"column":8},"end":{"line":9,"column":77}},"type":"binary-expr","locations":[{"start":{"line":9,"column":8},"end":{"line":9,"column":35}},{"start":{"line":9,"column":39},"end":{"line":9,"column":77}}],"line":9}},"s":{"0":1,"1":7,"2":7,"3":7,"4":7,"5":0,"6":0,"7":0,"8":0,"9":7,"10":1,"11":6,"12":6,"13":1,"14":1,"15":1,"16":1,"17":1,"18":1,"19":1,"20":1,"21":1,"22":1,"23":0,"24":1,"25":1,"26":0,"27":1,"28":1,"29":1},"f":{"0":7,"1":6,"2":0,"3":0},"b":{"0":[1,1,1],"1":[1,6],"2":[0,6],"3":[7,0],"4":[7,7],"5":[0,0],"6":[0,0],"7":[0,0],"8":[0,0],"9":[7,6,0],"10":[1,1,1],"11":[6,0],"12":[6,6]},"inputSourceMap":null,"_coverageSchema":"1a1c01bbd47fc00a2c39e90264f33305004495a9","hash":"c63a7d754d9bff6d5639ad5830ee9c711f34a550"}
,"E:\\Monash-Learning-Materials\\2020-S2\\FIT3170\\monash-tutor-allocation-system\\server\\dist\\src\\entity\\Session.js": {"path":"E:\\Monash-Learning-Materials\\2020-S2\\FIT3170\\monash-tutor-allocation-system\\server\\dist\\src\\entity\\Session.js","statementMap":{"0":{"start":{"line":2,"column":17},"end":{"line":7,"column":1}},"1":{"start":{"line":3,"column":12},"end":{"line":3,"column":28}},"2":{"start":{"line":3,"column":34},"end":{"line":3,"column":125}},"3":{"start":{"line":4,"column":4},"end":{"line":5,"column":150}},"4":{"start":{"line":4,"column":79},"end":{"line":4,"column":131}},"5":{"start":{"line":5,"column":9},"end":{"line":5,"column":150}},"6":{"start":{"line":5,"column":22},"end":{"line":5,"column":43}},"7":{"start":{"line":5,"column":58},"end":{"line":5,"column":150}},"8":{"start":{"line":5,"column":81},"end":{"line":5,"column":150}},"9":{"start":{"line":6,"column":4},"end":{"line":6,"column":66}},"10":{"start":{"line":8,"column":17},"end":{"line":10,"column":1}},"11":{"start":{"line":9,"column":4},"end":{"line":9,"column":109}},"12":{"start":{"line":9,"column":79},"end":{"line":9,"column":109}},"13":{"start":{"line":11,"column":0},"end":{"line":11,"column":62}},"14":{"start":{"line":12,"column":0},"end":{"line":12,"column":25}},"15":{"start":{"line":13,"column":18},"end":{"line":13,"column":36}},"16":{"start":{"line":14,"column":14},"end":{"line":15,"column":1}},"17":{"start":{"line":16,"column":0},"end":{"line":19,"column":36}},"18":{"start":{"line":20,"column":0},"end":{"line":23,"column":43}},"19":{"start":{"line":24,"column":0},"end":{"line":27,"column":38}},"20":{"start":{"line":28,"column":0},"end":{"line":30,"column":12}},"21":{"start":{"line":31,"column":0},"end":{"line":31,"column":26}}},"fnMap":{"0":{"name":"(anonymous_0)","decl":{"start":{"line":2,"column":46},"end":{"line":2,"column":47}},"loc":{"start":{"line":2,"column":87},"end":{"line":7,"column":1}},"line":2},"1":{"name":"(anonymous_1)","decl":{"start":{"line":8,"column":46},"end":{"line":8,"column":47}},"loc":{"start":{"line":8,"column":62},"end":{"line":10,"column":1}},"line":8}},"branchMap":{"0":{"loc":{"start":{"line":2,"column":17},"end":{"line":7,"column":1}},"type":"binary-expr","locations":[{"start":{"line":2,"column":18},"end":{"line":2,"column":22}},{"start":{"line":2,"column":26},"end":{"line":2,"column":41}},{"start":{"line":2,"column":46},"end":{"line":7,"column":1}}],"line":2},"1":{"loc":{"start":{"line":3,"column":34},"end":{"line":3,"column":125}},"type":"cond-expr","locations":[{"start":{"line":3,"column":42},"end":{"line":3,"column":48}},{"start":{"line":3,"column":51},"end":{"line":3,"column":125}}],"line":3},"2":{"loc":{"start":{"line":3,"column":51},"end":{"line":3,"column":125}},"type":"cond-expr","locations":[{"start":{"line":3,"column":67},"end":{"line":3,"column":118}},{"start":{"line":3,"column":121},"end":{"line":3,"column":125}}],"line":3},"3":{"loc":{"start":{"line":4,"column":4},"end":{"line":5,"column":150}},"type":"if","locations":[{"start":{"line":4,"column":4},"end":{"line":5,"column":150}},{"start":{"line":4,"column":4},"end":{"line":5,"column":150}}],"line":4},"4":{"loc":{"start":{"line":4,"column":8},"end":{"line":4,"column":77}},"type":"binary-expr","locations":[{"start":{"line":4,"column":8},"end":{"line":4,"column":35}},{"start":{"line":4,"column":39},"end":{"line":4,"column":77}}],"line":4},"5":{"loc":{"start":{"line":5,"column":58},"end":{"line":5,"column":150}},"type":"if","locations":[{"start":{"line":5,"column":58},"end":{"line":5,"column":150}},{"start":{"line":5,"column":58},"end":{"line":5,"column":150}}],"line":5},"6":{"loc":{"start":{"line":5,"column":85},"end":{"line":5,"column":149}},"type":"binary-expr","locations":[{"start":{"line":5,"column":86},"end":{"line":5,"column":143}},{"start":{"line":5,"column":148},"end":{"line":5,"column":149}}],"line":5},"7":{"loc":{"start":{"line":5,"column":86},"end":{"line":5,"column":143}},"type":"cond-expr","locations":[{"start":{"line":5,"column":94},"end":{"line":5,"column":98}},{"start":{"line":5,"column":101},"end":{"line":5,"column":143}}],"line":5},"8":{"loc":{"start":{"line":5,"column":101},"end":{"line":5,"column":143}},"type":"cond-expr","locations":[{"start":{"line":5,"column":109},"end":{"line":5,"column":126}},{"start":{"line":5,"column":129},"end":{"line":5,"column":143}}],"line":5},"9":{"loc":{"start":{"line":6,"column":11},"end":{"line":6,"column":62}},"type":"binary-expr","locations":[{"start":{"line":6,"column":11},"end":{"line":6,"column":16}},{"start":{"line":6,"column":20},"end":{"line":6,"column":21}},{"start":{"line":6,"column":25},"end":{"line":6,"column":62}}],"line":6},"10":{"loc":{"start":{"line":8,"column":17},"end":{"line":10,"column":1}},"type":"binary-expr","locations":[{"start":{"line":8,"column":18},"end":{"line":8,"column":22}},{"start":{"line":8,"column":26},"end":{"line":8,"column":41}},{"start":{"line":8,"column":46},"end":{"line":10,"column":1}}],"line":8},"11":{"loc":{"start":{"line":9,"column":4},"end":{"line":9,"column":109}},"type":"if","locations":[{"start":{"line":9,"column":4},"end":{"line":9,"column":109}},{"start":{"line":9,"column":4},"end":{"line":9,"column":109}}],"line":9},"12":{"loc":{"start":{"line":9,"column":8},"end":{"line":9,"column":77}},"type":"binary-expr","locations":[{"start":{"line":9,"column":8},"end":{"line":9,"column":35}},{"start":{"line":9,"column":39},"end":{"line":9,"column":77}}],"line":9}},"s":{"0":1,"1":4,"2":4,"3":4,"4":4,"5":0,"6":0,"7":0,"8":0,"9":4,"10":1,"11":3,"12":3,"13":1,"14":1,"15":1,"16":1,"17":1,"18":1,"19":1,"20":1,"21":1},"f":{"0":4,"1":3},"b":{"0":[1,1,1],"1":[1,3],"2":[0,3],"3":[4,0],"4":[4,4],"5":[0,0],"6":[0,0],"7":[0,0],"8":[0,0],"9":[4,3,0],"10":[1,1,1],"11":[3,0],"12":[3,3]},"inputSourceMap":null,"_coverageSchema":"1a1c01bbd47fc00a2c39e90264f33305004495a9","hash":"fd376b208b55d0278ba9caa857bfaa20b5ef278d"}
,"E:\\Monash-Learning-Materials\\2020-S2\\FIT3170\\monash-tutor-allocation-system\\server\\dist\\src\\entity\\Staff.js": {"path":"E:\\Monash-Learning-Materials\\2020-S2\\FIT3170\\monash-tutor-allocation-system\\server\\dist\\src\\entity\\Staff.js","statementMap":{"0":{"start":{"line":2,"column":17},"end":{"line":7,"column":1}},"1":{"start":{"line":3,"column":12},"end":{"line":3,"column":28}},"2":{"start":{"line":3,"column":34},"end":{"line":3,"column":125}},"3":{"start":{"line":4,"column":4},"end":{"line":5,"column":150}},"4":{"start":{"line":4,"column":79},"end":{"line":4,"column":131}},"5":{"start":{"line":5,"column":9},"end":{"line":5,"column":150}},"6":{"start":{"line":5,"column":22},"end":{"line":5,"column":43}},"7":{"start":{"line":5,"column":58},"end":{"line":5,"column":150}},"8":{"start":{"line":5,"column":81},"end":{"line":5,"column":150}},"9":{"start":{"line":6,"column":4},"end":{"line":6,"column":66}},"10":{"start":{"line":8,"column":17},"end":{"line":10,"column":1}},"11":{"start":{"line":9,"column":4},"end":{"line":9,"column":109}},"12":{"start":{"line":9,"column":79},"end":{"line":9,"column":109}},"13":{"start":{"line":11,"column":16},"end":{"line":19,"column":1}},"14":{"start":{"line":12,"column":28},"end":{"line":12,"column":110}},"15":{"start":{"line":12,"column":91},"end":{"line":12,"column":106}},"16":{"start":{"line":13,"column":4},"end":{"line":18,"column":7}},"17":{"start":{"line":14,"column":36},"end":{"line":14,"column":97}},"18":{"start":{"line":14,"column":42},"end":{"line":14,"column":70}},"19":{"start":{"line":14,"column":85},"end":{"line":14,"column":95}},"20":{"start":{"line":15,"column":35},"end":{"line":15,"column":100}},"21":{"start":{"line":15,"column":41},"end":{"line":15,"column":73}},"22":{"start":{"line":15,"column":88},"end":{"line":15,"column":98}},"23":{"start":{"line":16,"column":32},"end":{"line":16,"column":116}},"24":{"start":{"line":17,"column":8},"end":{"line":17,"column":78}},"25":{"start":{"line":20,"column":0},"end":{"line":20,"column":62}},"26":{"start":{"line":21,"column":0},"end":{"line":21,"column":23}},"27":{"start":{"line":22,"column":18},"end":{"line":22,"column":36}},"28":{"start":{"line":23,"column":19},"end":{"line":23,"column":46}},"29":{"start":{"line":24,"column":21},"end":{"line":24,"column":44}},"30":{"start":{"line":25,"column":23},"end":{"line":25,"column":48}},"31":{"start":{"line":26,"column":15},"end":{"line":26,"column":32}},"32":{"start":{"line":27,"column":26},"end":{"line":27,"column":54}},"33":{"start":{"line":28,"column":12},"end":{"line":70,"column":1}},"34":{"start":{"line":30,"column":8},"end":{"line":40,"column":11}},"35":{"start":{"line":32,"column":25},"end":{"line":37,"column":14}},"36":{"start":{"line":38,"column":12},"end":{"line":38,"column":30}},"37":{"start":{"line":39,"column":12},"end":{"line":39,"column":24}},"38":{"start":{"line":43,"column":8},"end":{"line":54,"column":11}},"39":{"start":{"line":44,"column":12},"end":{"line":45,"column":52}},"40":{"start":{"line":45,"column":16},"end":{"line":45,"column":52}},"41":{"start":{"line":47,"column":25},"end":{"line":52,"column":14}},"42":{"start":{"line":53,"column":12},"end":{"line":53,"column":30}},"43":{"start":{"line":57,"column":8},"end":{"line":65,"column":11}},"44":{"start":{"line":59,"column":26},"end":{"line":63,"column":14}},"45":{"start":{"line":64,"column":12},"end":{"line":64,"column":25}},"46":{"start":{"line":68,"column":8},"end":{"line":68,"column":61}},"47":{"start":{"line":71,"column":0},"end":{"line":74,"column":34}},"48":{"start":{"line":75,"column":0},"end":{"line":78,"column":42}},"49":{"start":{"line":79,"column":0},"end":{"line":82,"column":40}},"50":{"start":{"line":83,"column":0},"end":{"line":86,"column":35}},"51":{"start":{"line":87,"column":0},"end":{"line":90,"column":43}},"52":{"start":{"line":91,"column":0},"end":{"line":97,"column":37}},"53":{"start":{"line":98,"column":0},"end":{"line":101,"column":43}},"54":{"start":{"line":99,"column":30},"end":{"line":99,"column":53}},"55":{"start":{"line":99,"column":71},"end":{"line":99,"column":87}},"56":{"start":{"line":102,"column":0},"end":{"line":105,"column":47}},"57":{"start":{"line":103,"column":30},"end":{"line":103,"column":63}},"58":{"start":{"line":103,"column":86},"end":{"line":103,"column":107}},"59":{"start":{"line":106,"column":0},"end":{"line":109,"column":44}},"60":{"start":{"line":107,"column":30},"end":{"line":107,"column":57}},"61":{"start":{"line":107,"column":77},"end":{"line":107,"column":95}},"62":{"start":{"line":110,"column":0},"end":{"line":113,"column":40}},"63":{"start":{"line":114,"column":0},"end":{"line":117,"column":37}},"64":{"start":{"line":115,"column":30},"end":{"line":115,"column":41}},"65":{"start":{"line":115,"column":53},"end":{"line":115,"column":63}},"66":{"start":{"line":118,"column":0},"end":{"line":121,"column":39}},"67":{"start":{"line":122,"column":0},"end":{"line":124,"column":10}},"68":{"start":{"line":125,"column":0},"end":{"line":125,"column":22}}},"fnMap":{"0":{"name":"(anonymous_0)","decl":{"start":{"line":2,"column":46},"end":{"line":2,"column":47}},"loc":{"start":{"line":2,"column":87},"end":{"line":7,"column":1}},"line":2},"1":{"name":"(anonymous_1)","decl":{"start":{"line":8,"column":46},"end":{"line":8,"column":47}},"loc":{"start":{"line":8,"column":62},"end":{"line":10,"column":1}},"line":8},"2":{"name":"(anonymous_2)","decl":{"start":{"line":11,"column":44},"end":{"line":11,"column":45}},"loc":{"start":{"line":11,"column":89},"end":{"line":19,"column":1}},"line":11},"3":{"name":"adopt","decl":{"start":{"line":12,"column":13},"end":{"line":12,"column":18}},"loc":{"start":{"line":12,"column":26},"end":{"line":12,"column":112}},"line":12},"4":{"name":"(anonymous_4)","decl":{"start":{"line":12,"column":70},"end":{"line":12,"column":71}},"loc":{"start":{"line":12,"column":89},"end":{"line":12,"column":108}},"line":12},"5":{"name":"(anonymous_5)","decl":{"start":{"line":13,"column":36},"end":{"line":13,"column":37}},"loc":{"start":{"line":13,"column":63},"end":{"line":18,"column":5}},"line":13},"6":{"name":"fulfilled","decl":{"start":{"line":14,"column":17},"end":{"line":14,"column":26}},"loc":{"start":{"line":14,"column":34},"end":{"line":14,"column":99}},"line":14},"7":{"name":"rejected","decl":{"start":{"line":15,"column":17},"end":{"line":15,"column":25}},"loc":{"start":{"line":15,"column":33},"end":{"line":15,"column":102}},"line":15},"8":{"name":"step","decl":{"start":{"line":16,"column":17},"end":{"line":16,"column":21}},"loc":{"start":{"line":16,"column":30},"end":{"line":16,"column":118}},"line":16},"9":{"name":"(anonymous_9)","decl":{"start":{"line":29,"column":4},"end":{"line":29,"column":5}},"loc":{"start":{"line":29,"column":25},"end":{"line":41,"column":5}},"line":29},"10":{"name":"(anonymous_10)","decl":{"start":{"line":30,"column":47},"end":{"line":30,"column":48}},"loc":{"start":{"line":30,"column":60},"end":{"line":40,"column":9}},"line":30},"11":{"name":"(anonymous_11)","decl":{"start":{"line":42,"column":4},"end":{"line":42,"column":5}},"loc":{"start":{"line":42,"column":25},"end":{"line":55,"column":5}},"line":42},"12":{"name":"(anonymous_12)","decl":{"start":{"line":43,"column":47},"end":{"line":43,"column":48}},"loc":{"start":{"line":43,"column":60},"end":{"line":54,"column":9}},"line":43},"13":{"name":"(anonymous_13)","decl":{"start":{"line":56,"column":4},"end":{"line":56,"column":5}},"loc":{"start":{"line":56,"column":15},"end":{"line":66,"column":5}},"line":56},"14":{"name":"(anonymous_14)","decl":{"start":{"line":57,"column":47},"end":{"line":57,"column":48}},"loc":{"start":{"line":57,"column":60},"end":{"line":65,"column":9}},"line":57},"15":{"name":"(anonymous_15)","decl":{"start":{"line":67,"column":4},"end":{"line":67,"column":5}},"loc":{"start":{"line":67,"column":14},"end":{"line":69,"column":5}},"line":67},"16":{"name":"(anonymous_16)","decl":{"start":{"line":99,"column":24},"end":{"line":99,"column":25}},"loc":{"start":{"line":99,"column":30},"end":{"line":99,"column":53}},"line":99},"17":{"name":"(anonymous_17)","decl":{"start":{"line":99,"column":55},"end":{"line":99,"column":56}},"loc":{"start":{"line":99,"column":71},"end":{"line":99,"column":87}},"line":99},"18":{"name":"(anonymous_18)","decl":{"start":{"line":103,"column":24},"end":{"line":103,"column":25}},"loc":{"start":{"line":103,"column":30},"end":{"line":103,"column":63}},"line":103},"19":{"name":"(anonymous_19)","decl":{"start":{"line":103,"column":65},"end":{"line":103,"column":66}},"loc":{"start":{"line":103,"column":86},"end":{"line":103,"column":107}},"line":103},"20":{"name":"(anonymous_20)","decl":{"start":{"line":107,"column":24},"end":{"line":107,"column":25}},"loc":{"start":{"line":107,"column":30},"end":{"line":107,"column":57}},"line":107},"21":{"name":"(anonymous_21)","decl":{"start":{"line":107,"column":59},"end":{"line":107,"column":60}},"loc":{"start":{"line":107,"column":77},"end":{"line":107,"column":95}},"line":107},"22":{"name":"(anonymous_22)","decl":{"start":{"line":115,"column":24},"end":{"line":115,"column":25}},"loc":{"start":{"line":115,"column":30},"end":{"line":115,"column":41}},"line":115},"23":{"name":"(anonymous_23)","decl":{"start":{"line":115,"column":43},"end":{"line":115,"column":44}},"loc":{"start":{"line":115,"column":53},"end":{"line":115,"column":63}},"line":115}},"branchMap":{"0":{"loc":{"start":{"line":2,"column":17},"end":{"line":7,"column":1}},"type":"binary-expr","locations":[{"start":{"line":2,"column":18},"end":{"line":2,"column":22}},{"start":{"line":2,"column":26},"end":{"line":2,"column":41}},{"start":{"line":2,"column":46},"end":{"line":7,"column":1}}],"line":2},"1":{"loc":{"start":{"line":3,"column":34},"end":{"line":3,"column":125}},"type":"cond-expr","locations":[{"start":{"line":3,"column":42},"end":{"line":3,"column":48}},{"start":{"line":3,"column":51},"end":{"line":3,"column":125}}],"line":3},"2":{"loc":{"start":{"line":3,"column":51},"end":{"line":3,"column":125}},"type":"cond-expr","locations":[{"start":{"line":3,"column":67},"end":{"line":3,"column":118}},{"start":{"line":3,"column":121},"end":{"line":3,"column":125}}],"line":3},"3":{"loc":{"start":{"line":4,"column":4},"end":{"line":5,"column":150}},"type":"if","locations":[{"start":{"line":4,"column":4},"end":{"line":5,"column":150}},{"start":{"line":4,"column":4},"end":{"line":5,"column":150}}],"line":4},"4":{"loc":{"start":{"line":4,"column":8},"end":{"line":4,"column":77}},"type":"binary-expr","locations":[{"start":{"line":4,"column":8},"end":{"line":4,"column":35}},{"start":{"line":4,"column":39},"end":{"line":4,"column":77}}],"line":4},"5":{"loc":{"start":{"line":5,"column":58},"end":{"line":5,"column":150}},"type":"if","locations":[{"start":{"line":5,"column":58},"end":{"line":5,"column":150}},{"start":{"line":5,"column":58},"end":{"line":5,"column":150}}],"line":5},"6":{"loc":{"start":{"line":5,"column":85},"end":{"line":5,"column":149}},"type":"binary-expr","locations":[{"start":{"line":5,"column":86},"end":{"line":5,"column":143}},{"start":{"line":5,"column":148},"end":{"line":5,"column":149}}],"line":5},"7":{"loc":{"start":{"line":5,"column":86},"end":{"line":5,"column":143}},"type":"cond-expr","locations":[{"start":{"line":5,"column":94},"end":{"line":5,"column":98}},{"start":{"line":5,"column":101},"end":{"line":5,"column":143}}],"line":5},"8":{"loc":{"start":{"line":5,"column":101},"end":{"line":5,"column":143}},"type":"cond-expr","locations":[{"start":{"line":5,"column":109},"end":{"line":5,"column":126}},{"start":{"line":5,"column":129},"end":{"line":5,"column":143}}],"line":5},"9":{"loc":{"start":{"line":6,"column":11},"end":{"line":6,"column":62}},"type":"binary-expr","locations":[{"start":{"line":6,"column":11},"end":{"line":6,"column":16}},{"start":{"line":6,"column":20},"end":{"line":6,"column":21}},{"start":{"line":6,"column":25},"end":{"line":6,"column":62}}],"line":6},"10":{"loc":{"start":{"line":8,"column":17},"end":{"line":10,"column":1}},"type":"binary-expr","locations":[{"start":{"line":8,"column":18},"end":{"line":8,"column":22}},{"start":{"line":8,"column":26},"end":{"line":8,"column":41}},{"start":{"line":8,"column":46},"end":{"line":10,"column":1}}],"line":8},"11":{"loc":{"start":{"line":9,"column":4},"end":{"line":9,"column":109}},"type":"if","locations":[{"start":{"line":9,"column":4},"end":{"line":9,"column":109}},{"start":{"line":9,"column":4},"end":{"line":9,"column":109}}],"line":9},"12":{"loc":{"start":{"line":9,"column":8},"end":{"line":9,"column":77}},"type":"binary-expr","locations":[{"start":{"line":9,"column":8},"end":{"line":9,"column":35}},{"start":{"line":9,"column":39},"end":{"line":9,"column":77}}],"line":9},"13":{"loc":{"start":{"line":11,"column":16},"end":{"line":19,"column":1}},"type":"binary-expr","locations":[{"start":{"line":11,"column":17},"end":{"line":11,"column":21}},{"start":{"line":11,"column":25},"end":{"line":11,"column":39}},{"start":{"line":11,"column":44},"end":{"line":19,"column":1}}],"line":11},"14":{"loc":{"start":{"line":12,"column":35},"end":{"line":12,"column":109}},"type":"cond-expr","locations":[{"start":{"line":12,"column":56},"end":{"line":12,"column":61}},{"start":{"line":12,"column":64},"end":{"line":12,"column":109}}],"line":12},"15":{"loc":{"start":{"line":13,"column":16},"end":{"line":13,"column":34}},"type":"binary-expr","locations":[{"start":{"line":13,"column":16},"end":{"line":13,"column":17}},{"start":{"line":13,"column":22},"end":{"line":13,"column":33}}],"line":13},"16":{"loc":{"start":{"line":16,"column":32},"end":{"line":16,"column":115}},"type":"cond-expr","locations":[{"start":{"line":16,"column":46},"end":{"line":16,"column":67}},{"start":{"line":16,"column":70},"end":{"line":16,"column":115}}],"line":16},"17":{"loc":{"start":{"line":17,"column":51},"end":{"line":17,"column":67}},"type":"binary-expr","locations":[{"start":{"line":17,"column":51},"end":{"line":17,"column":61}},{"start":{"line":17,"column":65},"end":{"line":17,"column":67}}],"line":17},"18":{"loc":{"start":{"line":44,"column":12},"end":{"line":45,"column":52}},"type":"if","locations":[{"start":{"line":44,"column":12},"end":{"line":45,"column":52}},{"start":{"line":44,"column":12},"end":{"line":45,"column":52}}],"line":44}},"s":{"0":1,"1":13,"2":13,"3":13,"4":13,"5":0,"6":0,"7":0,"8":0,"9":13,"10":1,"11":12,"12":12,"13":1,"14":0,"15":0,"16":0,"17":0,"18":0,"19":0,"20":0,"21":0,"22":0,"23":0,"24":0,"25":1,"26":1,"27":1,"28":1,"29":1,"30":1,"31":1,"32":1,"33":1,"34":0,"35":0,"36":0,"37":0,"38":0,"39":0,"40":0,"41":0,"42":0,"43":0,"44":0,"45":0,"46":0,"47":1,"48":1,"49":1,"50":1,"51":1,"52":1,"53":1,"54":0,"55":0,"56":1,"57":0,"58":0,"59":1,"60":0,"61":0,"62":1,"63":1,"64":0,"65":0,"66":1,"67":1,"68":1},"f":{"0":13,"1":12,"2":0,"3":0,"4":0,"5":0,"6":0,"7":0,"8":0,"9":0,"10":0,"11":0,"12":0,"13":0,"14":0,"15":0,"16":0,"17":0,"18":0,"19":0,"20":0,"21":0,"22":0,"23":0},"b":{"0":[1,1,1],"1":[1,12],"2":[0,12],"3":[13,0],"4":[13,13],"5":[0,0],"6":[0,0],"7":[0,0],"8":[0,0],"9":[13,12,0],"10":[1,1,1],"11":[12,0],"12":[12,12],"13":[1,1,1],"14":[0,0],"15":[0,0],"16":[0,0],"17":[0,0],"18":[0,0]},"inputSourceMap":null,"_coverageSchema":"1a1c01bbd47fc00a2c39e90264f33305004495a9","hash":"9841444438db11e91518166293cbf8438538ce2d"}
,"E:\\Monash-Learning-Materials\\2020-S2\\FIT3170\\monash-tutor-allocation-system\\server\\dist\\src\\entity\\StaffPreference.js": {"path":"E:\\Monash-Learning-Materials\\2020-S2\\FIT3170\\monash-tutor-allocation-system\\server\\dist\\src\\entity\\StaffPreference.js","statementMap":{"0":{"start":{"line":2,"column":17},"end":{"line":7,"column":1}},"1":{"start":{"line":3,"column":12},"end":{"line":3,"column":28}},"2":{"start":{"line":3,"column":34},"end":{"line":3,"column":125}},"3":{"start":{"line":4,"column":4},"end":{"line":5,"column":150}},"4":{"start":{"line":4,"column":79},"end":{"line":4,"column":131}},"5":{"start":{"line":5,"column":9},"end":{"line":5,"column":150}},"6":{"start":{"line":5,"column":22},"end":{"line":5,"column":43}},"7":{"start":{"line":5,"column":58},"end":{"line":5,"column":150}},"8":{"start":{"line":5,"column":81},"end":{"line":5,"column":150}},"9":{"start":{"line":6,"column":4},"end":{"line":6,"column":66}},"10":{"start":{"line":8,"column":17},"end":{"line":10,"column":1}},"11":{"start":{"line":9,"column":4},"end":{"line":9,"column":109}},"12":{"start":{"line":9,"column":79},"end":{"line":9,"column":109}},"13":{"start":{"line":11,"column":0},"end":{"line":11,"column":62}},"14":{"start":{"line":12,"column":0},"end":{"line":12,"column":33}},"15":{"start":{"line":13,"column":18},"end":{"line":13,"column":36}},"16":{"start":{"line":14,"column":16},"end":{"line":14,"column":34}},"17":{"start":{"line":15,"column":15},"end":{"line":15,"column":32}},"18":{"start":{"line":16,"column":22},"end":{"line":17,"column":1}},"19":{"start":{"line":18,"column":0},"end":{"line":21,"column":44}},"20":{"start":{"line":22,"column":0},"end":{"line":25,"column":57}},"21":{"start":{"line":26,"column":0},"end":{"line":29,"column":55}},"22":{"start":{"line":30,"column":0},"end":{"line":33,"column":62}},"23":{"start":{"line":34,"column":0},"end":{"line":37,"column":47}},"24":{"start":{"line":35,"column":30},"end":{"line":35,"column":43}},"25":{"start":{"line":35,"column":56},"end":{"line":35,"column":77}},"26":{"start":{"line":38,"column":0},"end":{"line":41,"column":49}},"27":{"start":{"line":39,"column":40},"end":{"line":39,"column":55}},"28":{"start":{"line":42,"column":0},"end":{"line":45,"column":46}},"29":{"start":{"line":43,"column":30},"end":{"line":43,"column":41}},"30":{"start":{"line":46,"column":0},"end":{"line":49,"column":48}},"31":{"start":{"line":47,"column":40},"end":{"line":47,"column":54}},"32":{"start":{"line":50,"column":0},"end":{"line":52,"column":20}},"33":{"start":{"line":53,"column":0},"end":{"line":53,"column":42}}},"fnMap":{"0":{"name":"(anonymous_0)","decl":{"start":{"line":2,"column":46},"end":{"line":2,"column":47}},"loc":{"start":{"line":2,"column":87},"end":{"line":7,"column":1}},"line":2},"1":{"name":"(anonymous_1)","decl":{"start":{"line":8,"column":46},"end":{"line":8,"column":47}},"loc":{"start":{"line":8,"column":62},"end":{"line":10,"column":1}},"line":8},"2":{"name":"(anonymous_2)","decl":{"start":{"line":35,"column":24},"end":{"line":35,"column":25}},"loc":{"start":{"line":35,"column":30},"end":{"line":35,"column":43}},"line":35},"3":{"name":"(anonymous_3)","decl":{"start":{"line":35,"column":45},"end":{"line":35,"column":46}},"loc":{"start":{"line":35,"column":56},"end":{"line":35,"column":77}},"line":35},"4":{"name":"(anonymous_4)","decl":{"start":{"line":39,"column":25},"end":{"line":39,"column":26}},"loc":{"start":{"line":39,"column":40},"end":{"line":39,"column":55}},"line":39},"5":{"name":"(anonymous_5)","decl":{"start":{"line":43,"column":24},"end":{"line":43,"column":25}},"loc":{"start":{"line":43,"column":30},"end":{"line":43,"column":41}},"line":43},"6":{"name":"(anonymous_6)","decl":{"start":{"line":47,"column":25},"end":{"line":47,"column":26}},"loc":{"start":{"line":47,"column":40},"end":{"line":47,"column":54}},"line":47}},"branchMap":{"0":{"loc":{"start":{"line":2,"column":17},"end":{"line":7,"column":1}},"type":"binary-expr","locations":[{"start":{"line":2,"column":18},"end":{"line":2,"column":22}},{"start":{"line":2,"column":26},"end":{"line":2,"column":41}},{"start":{"line":2,"column":46},"end":{"line":7,"column":1}}],"line":2},"1":{"loc":{"start":{"line":3,"column":34},"end":{"line":3,"column":125}},"type":"cond-expr","locations":[{"start":{"line":3,"column":42},"end":{"line":3,"column":48}},{"start":{"line":3,"column":51},"end":{"line":3,"column":125}}],"line":3},"2":{"loc":{"start":{"line":3,"column":51},"end":{"line":3,"column":125}},"type":"cond-expr","locations":[{"start":{"line":3,"column":67},"end":{"line":3,"column":118}},{"start":{"line":3,"column":121},"end":{"line":3,"column":125}}],"line":3},"3":{"loc":{"start":{"line":4,"column":4},"end":{"line":5,"column":150}},"type":"if","locations":[{"start":{"line":4,"column":4},"end":{"line":5,"column":150}},{"start":{"line":4,"column":4},"end":{"line":5,"column":150}}],"line":4},"4":{"loc":{"start":{"line":4,"column":8},"end":{"line":4,"column":77}},"type":"binary-expr","locations":[{"start":{"line":4,"column":8},"end":{"line":4,"column":35}},{"start":{"line":4,"column":39},"end":{"line":4,"column":77}}],"line":4},"5":{"loc":{"start":{"line":5,"column":58},"end":{"line":5,"column":150}},"type":"if","locations":[{"start":{"line":5,"column":58},"end":{"line":5,"column":150}},{"start":{"line":5,"column":58},"end":{"line":5,"column":150}}],"line":5},"6":{"loc":{"start":{"line":5,"column":85},"end":{"line":5,"column":149}},"type":"binary-expr","locations":[{"start":{"line":5,"column":86},"end":{"line":5,"column":143}},{"start":{"line":5,"column":148},"end":{"line":5,"column":149}}],"line":5},"7":{"loc":{"start":{"line":5,"column":86},"end":{"line":5,"column":143}},"type":"cond-expr","locations":[{"start":{"line":5,"column":94},"end":{"line":5,"column":98}},{"start":{"line":5,"column":101},"end":{"line":5,"column":143}}],"line":5},"8":{"loc":{"start":{"line":5,"column":101},"end":{"line":5,"column":143}},"type":"cond-expr","locations":[{"start":{"line":5,"column":109},"end":{"line":5,"column":126}},{"start":{"line":5,"column":129},"end":{"line":5,"column":143}}],"line":5},"9":{"loc":{"start":{"line":6,"column":11},"end":{"line":6,"column":62}},"type":"binary-expr","locations":[{"start":{"line":6,"column":11},"end":{"line":6,"column":16}},{"start":{"line":6,"column":20},"end":{"line":6,"column":21}},{"start":{"line":6,"column":25},"end":{"line":6,"column":62}}],"line":6},"10":{"loc":{"start":{"line":8,"column":17},"end":{"line":10,"column":1}},"type":"binary-expr","locations":[{"start":{"line":8,"column":18},"end":{"line":8,"column":22}},{"start":{"line":8,"column":26},"end":{"line":8,"column":41}},{"start":{"line":8,"column":46},"end":{"line":10,"column":1}}],"line":8},"11":{"loc":{"start":{"line":9,"column":4},"end":{"line":9,"column":109}},"type":"if","locations":[{"start":{"line":9,"column":4},"end":{"line":9,"column":109}},{"start":{"line":9,"column":4},"end":{"line":9,"column":109}}],"line":9},"12":{"loc":{"start":{"line":9,"column":8},"end":{"line":9,"column":77}},"type":"binary-expr","locations":[{"start":{"line":9,"column":8},"end":{"line":9,"column":35}},{"start":{"line":9,"column":39},"end":{"line":9,"column":77}}],"line":9}},"s":{"0":1,"1":9,"2":9,"3":9,"4":9,"5":0,"6":0,"7":0,"8":0,"9":9,"10":1,"11":8,"12":8,"13":1,"14":1,"15":1,"16":1,"17":1,"18":1,"19":1,"20":1,"21":1,"22":1,"23":1,"24":0,"25":0,"26":1,"27":0,"28":1,"29":0,"30":1,"31":0,"32":1,"33":1},"f":{"0":9,"1":8,"2":0,"3":0,"4":0,"5":0,"6":0},"b":{"0":[1,1,1],"1":[1,8],"2":[0,8],"3":[9,0],"4":[9,9],"5":[0,0],"6":[0,0],"7":[0,0],"8":[0,0],"9":[9,8,0],"10":[1,1,1],"11":[8,0],"12":[8,8]},"inputSourceMap":null,"_coverageSchema":"1a1c01bbd47fc00a2c39e90264f33305004495a9","hash":"be71d60bf5f60effdfb16a045c41da722b24381c"}
,"E:\\Monash-Learning-Materials\\2020-S2\\FIT3170\\monash-tutor-allocation-system\\server\\dist\\src\\entity\\Unit.js": {"path":"E:\\Monash-Learning-Materials\\2020-S2\\FIT3170\\monash-tutor-allocation-system\\server\\dist\\src\\entity\\Unit.js","statementMap":{"0":{"start":{"line":2,"column":17},"end":{"line":7,"column":1}},"1":{"start":{"line":3,"column":12},"end":{"line":3,"column":28}},"2":{"start":{"line":3,"column":34},"end":{"line":3,"column":125}},"3":{"start":{"line":4,"column":4},"end":{"line":5,"column":150}},"4":{"start":{"line":4,"column":79},"end":{"line":4,"column":131}},"5":{"start":{"line":5,"column":9},"end":{"line":5,"column":150}},"6":{"start":{"line":5,"column":22},"end":{"line":5,"column":43}},"7":{"start":{"line":5,"column":58},"end":{"line":5,"column":150}},"8":{"start":{"line":5,"column":81},"end":{"line":5,"column":150}},"9":{"start":{"line":6,"column":4},"end":{"line":6,"column":66}},"10":{"start":{"line":8,"column":17},"end":{"line":10,"column":1}},"11":{"start":{"line":9,"column":4},"end":{"line":9,"column":109}},"12":{"start":{"line":9,"column":79},"end":{"line":9,"column":109}},"13":{"start":{"line":11,"column":0},"end":{"line":11,"column":62}},"14":{"start":{"line":12,"column":0},"end":{"line":12,"column":22}},"15":{"start":{"line":13,"column":18},"end":{"line":13,"column":36}},"16":{"start":{"line":14,"column":19},"end":{"line":14,"column":40}},"17":{"start":{"line":15,"column":15},"end":{"line":15,"column":32}},"18":{"start":{"line":16,"column":26},"end":{"line":16,"column":54}},"19":{"start":{"line":17,"column":11},"end":{"line":18,"column":1}},"20":{"start":{"line":19,"column":0},"end":{"line":22,"column":33}},"21":{"start":{"line":23,"column":0},"end":{"line":29,"column":39}},"22":{"start":{"line":30,"column":0},"end":{"line":33,"column":45}},"23":{"start":{"line":34,"column":0},"end":{"line":40,"column":37}},"24":{"start":{"line":41,"column":0},"end":{"line":44,"column":35}},"25":{"start":{"line":45,"column":0},"end":{"line":48,"column":40}},"26":{"start":{"line":49,"column":0},"end":{"line":52,"column":41}},"27":{"start":{"line":50,"column":30},"end":{"line":50,"column":49}},"28":{"start":{"line":50,"column":65},"end":{"line":50,"column":78}},"29":{"start":{"line":53,"column":0},"end":{"line":56,"column":46}},"30":{"start":{"line":54,"column":30},"end":{"line":54,"column":63}},"31":{"start":{"line":54,"column":86},"end":{"line":54,"column":106}},"32":{"start":{"line":57,"column":0},"end":{"line":60,"column":36}},"33":{"start":{"line":58,"column":30},"end":{"line":58,"column":41}},"34":{"start":{"line":58,"column":53},"end":{"line":58,"column":62}},"35":{"start":{"line":61,"column":0},"end":{"line":64,"column":9}},"36":{"start":{"line":65,"column":0},"end":{"line":65,"column":20}}},"fnMap":{"0":{"name":"(anonymous_0)","decl":{"start":{"line":2,"column":46},"end":{"line":2,"column":47}},"loc":{"start":{"line":2,"column":87},"end":{"line":7,"column":1}},"line":2},"1":{"name":"(anonymous_1)","decl":{"start":{"line":8,"column":46},"end":{"line":8,"column":47}},"loc":{"start":{"line":8,"column":62},"end":{"line":10,"column":1}},"line":8},"2":{"name":"(anonymous_2)","decl":{"start":{"line":50,"column":24},"end":{"line":50,"column":25}},"loc":{"start":{"line":50,"column":30},"end":{"line":50,"column":49}},"line":50},"3":{"name":"(anonymous_3)","decl":{"start":{"line":50,"column":51},"end":{"line":50,"column":52}},"loc":{"start":{"line":50,"column":65},"end":{"line":50,"column":78}},"line":50},"4":{"name":"(anonymous_4)","decl":{"start":{"line":54,"column":24},"end":{"line":54,"column":25}},"loc":{"start":{"line":54,"column":30},"end":{"line":54,"column":63}},"line":54},"5":{"name":"(anonymous_5)","decl":{"start":{"line":54,"column":65},"end":{"line":54,"column":66}},"loc":{"start":{"line":54,"column":86},"end":{"line":54,"column":106}},"line":54},"6":{"name":"(anonymous_6)","decl":{"start":{"line":58,"column":24},"end":{"line":58,"column":25}},"loc":{"start":{"line":58,"column":30},"end":{"line":58,"column":41}},"line":58},"7":{"name":"(anonymous_7)","decl":{"start":{"line":58,"column":43},"end":{"line":58,"column":44}},"loc":{"start":{"line":58,"column":53},"end":{"line":58,"column":62}},"line":58}},"branchMap":{"0":{"loc":{"start":{"line":2,"column":17},"end":{"line":7,"column":1}},"type":"binary-expr","locations":[{"start":{"line":2,"column":18},"end":{"line":2,"column":22}},{"start":{"line":2,"column":26},"end":{"line":2,"column":41}},{"start":{"line":2,"column":46},"end":{"line":7,"column":1}}],"line":2},"1":{"loc":{"start":{"line":3,"column":34},"end":{"line":3,"column":125}},"type":"cond-expr","locations":[{"start":{"line":3,"column":42},"end":{"line":3,"column":48}},{"start":{"line":3,"column":51},"end":{"line":3,"column":125}}],"line":3},"2":{"loc":{"start":{"line":3,"column":51},"end":{"line":3,"column":125}},"type":"cond-expr","locations":[{"start":{"line":3,"column":67},"end":{"line":3,"column":118}},{"start":{"line":3,"column":121},"end":{"line":3,"column":125}}],"line":3},"3":{"loc":{"start":{"line":4,"column":4},"end":{"line":5,"column":150}},"type":"if","locations":[{"start":{"line":4,"column":4},"end":{"line":5,"column":150}},{"start":{"line":4,"column":4},"end":{"line":5,"column":150}}],"line":4},"4":{"loc":{"start":{"line":4,"column":8},"end":{"line":4,"column":77}},"type":"binary-expr","locations":[{"start":{"line":4,"column":8},"end":{"line":4,"column":35}},{"start":{"line":4,"column":39},"end":{"line":4,"column":77}}],"line":4},"5":{"loc":{"start":{"line":5,"column":58},"end":{"line":5,"column":150}},"type":"if","locations":[{"start":{"line":5,"column":58},"end":{"line":5,"column":150}},{"start":{"line":5,"column":58},"end":{"line":5,"column":150}}],"line":5},"6":{"loc":{"start":{"line":5,"column":85},"end":{"line":5,"column":149}},"type":"binary-expr","locations":[{"start":{"line":5,"column":86},"end":{"line":5,"column":143}},{"start":{"line":5,"column":148},"end":{"line":5,"column":149}}],"line":5},"7":{"loc":{"start":{"line":5,"column":86},"end":{"line":5,"column":143}},"type":"cond-expr","locations":[{"start":{"line":5,"column":94},"end":{"line":5,"column":98}},{"start":{"line":5,"column":101},"end":{"line":5,"column":143}}],"line":5},"8":{"loc":{"start":{"line":5,"column":101},"end":{"line":5,"column":143}},"type":"cond-expr","locations":[{"start":{"line":5,"column":109},"end":{"line":5,"column":126}},{"start":{"line":5,"column":129},"end":{"line":5,"column":143}}],"line":5},"9":{"loc":{"start":{"line":6,"column":11},"end":{"line":6,"column":62}},"type":"binary-expr","locations":[{"start":{"line":6,"column":11},"end":{"line":6,"column":16}},{"start":{"line":6,"column":20},"end":{"line":6,"column":21}},{"start":{"line":6,"column":25},"end":{"line":6,"column":62}}],"line":6},"10":{"loc":{"start":{"line":8,"column":17},"end":{"line":10,"column":1}},"type":"binary-expr","locations":[{"start":{"line":8,"column":18},"end":{"line":8,"column":22}},{"start":{"line":8,"column":26},"end":{"line":8,"column":41}},{"start":{"line":8,"column":46},"end":{"line":10,"column":1}}],"line":8},"11":{"loc":{"start":{"line":9,"column":4},"end":{"line":9,"column":109}},"type":"if","locations":[{"start":{"line":9,"column":4},"end":{"line":9,"column":109}},{"start":{"line":9,"column":4},"end":{"line":9,"column":109}}],"line":9},"12":{"loc":{"start":{"line":9,"column":8},"end":{"line":9,"column":77}},"type":"binary-expr","locations":[{"start":{"line":9,"column":8},"end":{"line":9,"column":35}},{"start":{"line":9,"column":39},"end":{"line":9,"column":77}}],"line":9}},"s":{"0":1,"1":10,"2":10,"3":10,"4":10,"5":0,"6":0,"7":0,"8":0,"9":10,"10":1,"11":9,"12":9,"13":1,"14":1,"15":1,"16":1,"17":1,"18":1,"19":1,"20":1,"21":1,"22":1,"23":1,"24":1,"25":1,"26":1,"27":0,"28":0,"29":1,"30":0,"31":0,"32":1,"33":0,"34":0,"35":1,"36":1},"f":{"0":10,"1":9,"2":0,"3":0,"4":0,"5":0,"6":0,"7":0},"b":{"0":[1,1,1],"1":[1,9],"2":[0,9],"3":[10,0],"4":[10,10],"5":[0,0],"6":[0,0],"7":[0,0],"8":[0,0],"9":[10,9,0],"10":[1,1,1],"11":[9,0],"12":[9,9]},"inputSourceMap":null,"_coverageSchema":"1a1c01bbd47fc00a2c39e90264f33305004495a9","hash":"93634365c4ddeeece6aaf1d95e29705453ff8ad6"}
,"E:\\Monash-Learning-Materials\\2020-S2\\FIT3170\\monash-tutor-allocation-system\\server\\dist\\src\\entity\\index.js": {"path":"E:\\Monash-Learning-Materials\\2020-S2\\FIT3170\\monash-tutor-allocation-system\\server\\dist\\src\\entity\\index.js","statementMap":{"0":{"start":{"line":2,"column":0},"end":{"line":2,"column":62}},"1":{"start":{"line":3,"column":0},"end":{"line":3,"column":145}},"2":{"start":{"line":4,"column":16},"end":{"line":4,"column":34}},"3":{"start":{"line":5,"column":0},"end":{"line":5,"column":106}},"4":{"start":{"line":5,"column":79},"end":{"line":5,"column":100}},"5":{"start":{"line":6,"column":15},"end":{"line":6,"column":32}},"6":{"start":{"line":7,"column":0},"end":{"line":7,"column":103}},"7":{"start":{"line":7,"column":78},"end":{"line":7,"column":97}},"8":{"start":{"line":8,"column":21},"end":{"line":8,"column":44}},"9":{"start":{"line":9,"column":0},"end":{"line":9,"column":121}},"10":{"start":{"line":9,"column":84},"end":{"line":9,"column":115}},"11":{"start":{"line":10,"column":19},"end":{"line":10,"column":40}},"12":{"start":{"line":11,"column":0},"end":{"line":11,"column":115}},"13":{"start":{"line":11,"column":82},"end":{"line":11,"column":109}},"14":{"start":{"line":12,"column":23},"end":{"line":12,"column":48}},"15":{"start":{"line":13,"column":0},"end":{"line":13,"column":127}},"16":{"start":{"line":13,"column":86},"end":{"line":13,"column":121}},"17":{"start":{"line":14,"column":26},"end":{"line":14,"column":54}},"18":{"start":{"line":15,"column":0},"end":{"line":15,"column":136}},"19":{"start":{"line":15,"column":89},"end":{"line":15,"column":130}},"20":{"start":{"line":16,"column":18},"end":{"line":16,"column":38}},"21":{"start":{"line":17,"column":0},"end":{"line":17,"column":112}},"22":{"start":{"line":17,"column":81},"end":{"line":17,"column":106}}},"fnMap":{"0":{"name":"(anonymous_0)","decl":{"start":{"line":5,"column":65},"end":{"line":5,"column":66}},"loc":{"start":{"line":5,"column":77},"end":{"line":5,"column":102}},"line":5},"1":{"name":"(anonymous_1)","decl":{"start":{"line":7,"column":64},"end":{"line":7,"column":65}},"loc":{"start":{"line":7,"column":76},"end":{"line":7,"column":99}},"line":7},"2":{"name":"(anonymous_2)","decl":{"start":{"line":9,"column":70},"end":{"line":9,"column":71}},"loc":{"start":{"line":9,"column":82},"end":{"line":9,"column":117}},"line":9},"3":{"name":"(anonymous_3)","decl":{"start":{"line":11,"column":68},"end":{"line":11,"column":69}},"loc":{"start":{"line":11,"column":80},"end":{"line":11,"column":111}},"line":11},"4":{"name":"(anonymous_4)","decl":{"start":{"line":13,"column":72},"end":{"line":13,"column":73}},"loc":{"start":{"line":13,"column":84},"end":{"line":13,"column":123}},"line":13},"5":{"name":"(anonymous_5)","decl":{"start":{"line":15,"column":75},"end":{"line":15,"column":76}},"loc":{"start":{"line":15,"column":87},"end":{"line":15,"column":132}},"line":15},"6":{"name":"(anonymous_6)","decl":{"start":{"line":17,"column":67},"end":{"line":17,"column":68}},"loc":{"start":{"line":17,"column":79},"end":{"line":17,"column":108}},"line":17}},"branchMap":{},"s":{"0":1,"1":1,"2":1,"3":1,"4":1,"5":1,"6":1,"7":1,"8":1,"9":1,"10":1,"11":1,"12":1,"13":1,"14":1,"15":1,"16":1,"17":1,"18":1,"19":1,"20":1,"21":1,"22":0},"f":{"0":1,"1":1,"2":1,"3":1,"4":1,"5":1,"6":0},"b":{},"inputSourceMap":null,"_coverageSchema":"1a1c01bbd47fc00a2c39e90264f33305004495a9","hash":"50c3ee15928996691951979832d63cc516deac02"}
,"E:\\Monash-Learning-Materials\\2020-S2\\FIT3170\\monash-tutor-allocation-system\\server\\dist\\src\\enums\\DayOfWeek.js": {"path":"E:\\Monash-Learning-Materials\\2020-S2\\FIT3170\\monash-tutor-allocation-system\\server\\dist\\src\\enums\\DayOfWeek.js","statementMap":{"0":{"start":{"line":2,"column":0},"end":{"line":2,"column":62}},"1":{"start":{"line":3,"column":0},"end":{"line":3,"column":27}},"2":{"start":{"line":5,"column":0},"end":{"line":11,"column":62}},"3":{"start":{"line":6,"column":4},"end":{"line":6,"column":30}},"4":{"start":{"line":7,"column":4},"end":{"line":7,"column":31}},"5":{"start":{"line":8,"column":4},"end":{"line":8,"column":33}},"6":{"start":{"line":9,"column":4},"end":{"line":9,"column":33}},"7":{"start":{"line":10,"column":4},"end":{"line":10,"column":30}}},"fnMap":{"0":{"name":"(anonymous_0)","decl":{"start":{"line":5,"column":1},"end":{"line":5,"column":2}},"loc":{"start":{"line":5,"column":22},"end":{"line":11,"column":1}},"line":5}},"branchMap":{"0":{"loc":{"start":{"line":11,"column":15},"end":{"line":11,"column":60}},"type":"binary-expr","locations":[{"start":{"line":11,"column":15},"end":{"line":11,"column":32}},{"start":{"line":11,"column":37},"end":{"line":11,"column":59}}],"line":11}},"s":{"0":1,"1":1,"2":1,"3":1,"4":1,"5":1,"6":1,"7":1},"f":{"0":1},"b":{"0":[1,1]},"inputSourceMap":null,"_coverageSchema":"1a1c01bbd47fc00a2c39e90264f33305004495a9","hash":"8781557fcf45fd41e7cedacd328dc9673f09407d"}
,"E:\\Monash-Learning-Materials\\2020-S2\\FIT3170\\monash-tutor-allocation-system\\server\\src\\ormconfig.ts": {"path":"E:\\Monash-Learning-Materials\\2020-S2\\FIT3170\\monash-tutor-allocation-system\\server\\src\\ormconfig.ts","statementMap":{"0":{"start":{"line":1,"column":0},"end":{"line":1,"column":24}},"1":{"start":{"line":4,"column":0},"end":{"line":4,"column":28}},"2":{"start":{"line":5,"column":15},"end":{"line":5,"column":30}},"3":{"start":{"line":7,"column":19},"end":{"line":7,"column":58}},"4":{"start":{"line":8,"column":0},"end":{"line":29,"column":23}}},"fnMap":{},"branchMap":{"0":{"loc":{"start":{"line":10,"column":8},"end":{"line":10,"column":27}},"type":"binary-expr","locations":[{"start":{"line":10,"column":8},"end":{"line":10,"column":27}},{"start":{"line":10,"column":31},"end":{"line":10,"column":42}}]},"1":{"loc":{"start":{"line":11,"column":30},"end":{"line":11,"column":59}},"type":"cond-expr","locations":[{"start":{"line":11,"column":30},"end":{"line":11,"column":59}},{"start":{"line":11,"column":62},"end":{"line":11,"column":66}}]},"2":{"loc":{"start":{"line":12,"column":12},"end":{"line":12,"column":35}},"type":"binary-expr","locations":[{"start":{"line":12,"column":12},"end":{"line":12,"column":35}},{"start":{"line":12,"column":39},"end":{"line":12,"column":49}}]},"3":{"loc":{"start":{"line":13,"column":12},"end":{"line":13,"column":35}},"type":"binary-expr","locations":[{"start":{"line":13,"column":12},"end":{"line":13,"column":35}},{"start":{"line":13,"column":39},"end":{"line":13,"column":49}}]},"4":{"loc":{"start":{"line":14,"column":12},"end":{"line":14,"column":31}},"type":"binary-expr","locations":[{"start":{"line":14,"column":12},"end":{"line":14,"column":31}},{"start":{"line":14,"column":35},"end":{"line":14,"column":45}}]},"5":{"loc":{"start":{"line":15,"column":15},"end":{"line":15,"column":34}},"type":"binary-expr","locations":[{"start":{"line":15,"column":15},"end":{"line":15,"column":34}},{"start":{"line":15,"column":38},"end":{"line":15,"column":43}}]},"6":{"loc":{"start":{"line":16,"column":11},"end":{"line":16,"column":30}},"type":"binary-expr","locations":[{"start":{"line":16,"column":11},"end":{"line":16,"column":30}},{"start":{"line":16,"column":34},"end":{"line":16,"column":38}}]}},"s":{"0":2,"1":2,"2":2,"3":2,"4":2},"f":{},"b":{"0":[2,0],"1":[2,0],"2":[2,0],"3":[2,0],"4":[2,0],"5":[2,0],"6":[2,0]}}
,"E:\\Monash-Learning-Materials\\2020-S2\\FIT3170\\monash-tutor-allocation-system\\server\\src\\database\\factories\\Activity.factory.ts": {"path":"E:\\Monash-Learning-Materials\\2020-S2\\FIT3170\\monash-tutor-allocation-system\\server\\src\\database\\factories\\Activity.factory.ts","statementMap":{"0":{"start":{"line":2,"column":0},"end":{"line":2,"column":41}},"1":{"start":{"line":3,"column":0},"end":{"line":3,"column":50}},"2":{"start":{"line":4,"column":0},"end":{"line":4,"column":46}},"3":{"start":{"line":6,"column":0},"end":{"line":19,"column":3}},"4":{"start":{"line":7,"column":19},"end":{"line":7,"column":33}},"5":{"start":{"line":8,"column":2},"end":{"line":8,"column":36}},"6":{"start":{"line":9,"column":2},"end":{"line":9,"column":67}},"7":{"start":{"line":10,"column":2},"end":{"line":10,"column":38}},"8":{"start":{"line":11,"column":2},"end":{"line":11,"column":25}},"9":{"start":{"line":12,"column":2},"end":{"line":12,"column":40}},"10":{"start":{"line":13,"column":2},"end":{"line":13,"column":52}},"11":{"start":{"line":15,"column":2},"end":{"line":15,"column":31}},"12":{"start":{"line":16,"column":2},"end":{"line":16,"column":49}},"13":{"start":{"line":17,"column":2},"end":{"line":17,"column":29}},"14":{"start":{"line":18,"column":2},"end":{"line":18,"column":18}}},"fnMap":{"0":{"name":"(anonymous_0)","decl":{"start":{"line":6,"column":17},"end":{"line":6,"column":18}},"loc":{"start":{"line":6,"column":41},"end":{"line":19,"column":1}}}},"branchMap":{},"s":{"0":2,"1":2,"2":2,"3":2,"4":2,"5":2,"6":2,"7":2,"8":2,"9":2,"10":2,"11":2,"12":2,"13":2,"14":2},"f":{"0":2},"b":{}}
,"E:\\Monash-Learning-Materials\\2020-S2\\FIT3170\\monash-tutor-allocation-system\\server\\src\\database\\factories\\Staff.factory.ts": {"path":"E:\\Monash-Learning-Materials\\2020-S2\\FIT3170\\monash-tutor-allocation-system\\server\\src\\database\\factories\\Staff.factory.ts","statementMap":{"0":{"start":{"line":2,"column":0},"end":{"line":2,"column":41}},"1":{"start":{"line":3,"column":0},"end":{"line":3,"column":37}},"2":{"start":{"line":5,"column":0},"end":{"line":14,"column":3}},"3":{"start":{"line":6,"column":16},"end":{"line":6,"column":27}},"4":{"start":{"line":7,"column":2},"end":{"line":7,"column":33}},"5":{"start":{"line":8,"column":2},"end":{"line":8,"column":44}},"6":{"start":{"line":9,"column":2},"end":{"line":9,"column":41}},"7":{"start":{"line":10,"column":2},"end":{"line":10,"column":36}},"8":{"start":{"line":11,"column":2},"end":{"line":11,"column":57}},"9":{"start":{"line":12,"column":2},"end":{"line":12,"column":39}},"10":{"start":{"line":13,"column":2},"end":{"line":13,"column":15}}},"fnMap":{"0":{"name":"(anonymous_0)","decl":{"start":{"line":5,"column":14},"end":{"line":5,"column":15}},"loc":{"start":{"line":5,"column":38},"end":{"line":14,"column":1}}}},"branchMap":{},"s":{"0":2,"1":2,"2":2,"3":2,"4":2,"5":2,"6":2,"7":2,"8":2,"9":2,"10":2},"f":{"0":2},"b":{}}
,"E:\\Monash-Learning-Materials\\2020-S2\\FIT3170\\monash-tutor-allocation-system\\server\\src\\database\\factories\\allocation.factory.ts": {"path":"E:\\Monash-Learning-Materials\\2020-S2\\FIT3170\\monash-tutor-allocation-system\\server\\src\\database\\factories\\allocation.factory.ts","statementMap":{"0":{"start":{"line":2,"column":0},"end":{"line":2,"column":41}},"1":{"start":{"line":3,"column":0},"end":{"line":3,"column":59}},"2":{"start":{"line":5,"column":0},"end":{"line":11,"column":3}},"3":{"start":{"line":6,"column":21},"end":{"line":6,"column":37}},"4":{"start":{"line":7,"column":2},"end":{"line":7,"column":38}},"5":{"start":{"line":8,"column":2},"end":{"line":8,"column":33}},"6":{"start":{"line":9,"column":2},"end":{"line":9,"column":39}},"7":{"start":{"line":10,"column":2},"end":{"line":10,"column":20}}},"fnMap":{"0":{"name":"(anonymous_0)","decl":{"start":{"line":5,"column":19},"end":{"line":5,"column":20}},"loc":{"start":{"line":5,"column":43},"end":{"line":11,"column":1}}}},"branchMap":{},"s":{"0":2,"1":2,"2":2,"3":2,"4":2,"5":2,"6":2,"7":2},"f":{"0":2},"b":{}}
,"E:\\Monash-Learning-Materials\\2020-S2\\FIT3170\\monash-tutor-allocation-system\\server\\src\\database\\factories\\availability.factory.ts": {"path":"E:\\Monash-Learning-Materials\\2020-S2\\FIT3170\\monash-tutor-allocation-system\\server\\src\\database\\factories\\availability.factory.ts","statementMap":{"0":{"start":{"line":2,"column":0},"end":{"line":2,"column":41}},"1":{"start":{"line":3,"column":0},"end":{"line":3,"column":50}},"2":{"start":{"line":4,"column":0},"end":{"line":4,"column":51}},"3":{"start":{"line":6,"column":0},"end":{"line":17,"column":3}},"4":{"start":{"line":7,"column":23},"end":{"line":7,"column":41}},"5":{"start":{"line":8,"column":2},"end":{"line":8,"column":40}},"6":{"start":{"line":9,"column":2},"end":{"line":9,"column":38}},"7":{"start":{"line":10,"column":2},"end":{"line":10,"column":34}},"8":{"start":{"line":11,"column":2},"end":{"line":11,"column":33}},"9":{"start":{"line":12,"column":2},"end":{"line":12,"column":27}},"10":{"start":{"line":13,"column":2},"end":{"line":13,"column":53}},"11":{"start":{"line":14,"column":2},"end":{"line":14,"column":64}},"12":{"start":{"line":15,"column":2},"end":{"line":15,"column":35}},"13":{"start":{"line":16,"column":2},"end":{"line":16,"column":22}}},"fnMap":{"0":{"name":"(anonymous_0)","decl":{"start":{"line":6,"column":21},"end":{"line":6,"column":22}},"loc":{"start":{"line":6,"column":45},"end":{"line":17,"column":1}}}},"branchMap":{},"s":{"0":2,"1":2,"2":2,"3":2,"4":2,"5":2,"6":2,"7":2,"8":2,"9":2,"10":2,"11":2,"12":2,"13":2},"f":{"0":2},"b":{}}
[...]
,"E:\\Monash-Learning-Materials\\2020-S2\\FIT3170\\monash-tutor-allocation-system\\server\\src\\entity\\Session.ts": {"path":"E:\\Monash-Learning-Materials\\2020-S2\\FIT3170\\monash-tutor-allocation-system\\server\\src\\entity\\Session.ts","statementMap":{"0":{"start":{"line":1,"column":0},"end":{"line":1,"column":68}},"1":{"start":{"line":5,"column":0},"end":{"line":14,"column":null}},"2":{"start":{"line":7,"column":2},"end":{"line":7,"column":null}},"3":{"start":{"line":10,"column":2},"end":{"line":10,"column":null}},"4":{"start":{"line":13,"column":2},"end":{"line":13,"column":null}},"5":{"start":{"line":5,"column":13},"end":{"line":14,"column":null}},"6":{"start":{"line":5,"column":13},"end":{"line":5,"column":20}}},"fnMap":{},"branchMap":{},"s":{"0":2,"1":2,"2":2,"3":2,"4":2,"5":2,"6":2},"f":{},"b":{}}
,"E:\\Monash-Learning-Materials\\2020-S2\\FIT3170\\monash-tutor-allocation-system\\server\\src\\entity\\Staff.ts": {"path":"E:\\Monash-Learning-Materials\\2020-S2\\FIT3170\\monash-tutor-allocation-system\\server\\src\\entity\\Staff.ts","statementMap":{"0":{"start":{"line":1,"column":0},"end":{"line":1,"column":null}},"1":{"start":{"line":11,"column":0},"end":{"line":11,"column":57}},"2":{"start":{"line":13,"column":0},"end":{"line":13,"column":42}},"3":{"start":{"line":14,"column":0},"end":{"line":14,"column":46}},"4":{"start":{"line":15,"column":0},"end":{"line":15,"column":30}},"5":{"start":{"line":16,"column":0},"end":{"line":16,"column":52}},"6":{"start":{"line":19,"column":0},"end":{"line":96,"column":null}},"7":{"start":{"line":61,"column":17},"end":{"line":66,"column":6}},"8":{"start":{"line":67,"column":4},"end":{"line":67,"column":22}},"9":{"start":{"line":68,"column":4},"end":{"line":68,"column":16}},"10":{"start":{"line":72,"column":4},"end":{"line":72,"column":49}},"11":{"start":{"line":72,"column":24},"end":{"line":72,"column":49}},"12":{"start":{"line":75,"column":17},"end":{"line":80,"column":6}},"13":{"start":{"line":81,"column":4},"end":{"line":81,"column":22}},"14":{"start":{"line":85,"column":18},"end":{"line":89,"column":6}},"15":{"start":{"line":90,"column":4},"end":{"line":90,"column":17}},"16":{"start":{"line":94,"column":4},"end":{"line":94,"column":46}},"17":{"start":{"line":21,"column":2},"end":{"line":21,"column":null}},"18":{"start":{"line":24,"column":2},"end":{"line":24,"column":null}},"19":{"start":{"line":27,"column":2},"end":{"line":27,"column":null}},"20":{"start":{"line":30,"column":2},"end":{"line":30,"column":null}},"21":{"start":{"line":33,"column":2},"end":{"line":33,"column":null}},"22":{"start":{"line":39,"column":2},"end":{"line":39,"column":null}},"23":{"start":{"line":42,"column":2},"end":{"line":42,"column":null}},"24":{"start":{"line":41,"column":19},"end":{"line":41,"column":29}},"25":{"start":{"line":41,"column":47},"end":{"line":41,"column":63}},"26":{"start":{"line":45,"column":2},"end":{"line":45,"column":null}},"27":{"start":{"line":44,"column":19},"end":{"line":44,"column":34}},"28":{"start":{"line":44,"column":57},"end":{"line":44,"column":78}},"29":{"start":{"line":48,"column":2},"end":{"line":48,"column":null}},"30":{"start":{"line":47,"column":19},"end":{"line":47,"column":31}},"31":{"start":{"line":47,"column":51},"end":{"line":47,"column":69}},"32":{"start":{"line":51,"column":2},"end":{"line":51,"column":null}},"33":{"start":{"line":54,"column":2},"end":{"line":54,"column":null}},"34":{"start":{"line":53,"column":19},"end":{"line":53,"column":23}},"35":{"start":{"line":53,"column":35},"end":{"line":53,"column":45}},"36":{"start":{"line":57,"column":2},"end":{"line":57,"column":null}},"37":{"start":{"line":19,"column":13},"end":{"line":96,"column":null}},"38":{"start":{"line":19,"column":13},"end":{"line":19,"column":18}}},"fnMap":{"0":{"name":"(anonymous_9)","decl":{"start":{"line":59,"column":8},"end":{"line":59,"column":22}},"loc":{"start":{"line":59,"column":33},"end":{"line":69,"column":null}}},"1":{"name":"(anonymous_11)","decl":{"start":{"line":71,"column":8},"end":{"line":71,"column":20}},"loc":{"start":{"line":71,"column":36},"end":{"line":82,"column":null}}},"2":{"name":"(anonymous_13)","decl":{"start":{"line":83,"column":8},"end":{"line":83,"column":16}},"loc":{"start":{"line":83,"column":16},"end":{"line":91,"column":null}}},"3":{"name":"(anonymous_15)","decl":{"start":{"line":93,"column":2},"end":{"line":93,"column":9}},"loc":{"start":{"line":93,"column":9},"end":{"line":95,"column":3}}},"4":{"name":"(anonymous_16)","decl":{"start":{"line":41,"column":13},"end":{"line":41,"column":16}},"loc":{"start":{"line":41,"column":19},"end":{"line":41,"column":29}}},"5":{"name":"(anonymous_17)","decl":{"start":{"line":41,"column":31},"end":{"line":41,"column":32}},"loc":{"start":{"line":41,"column":47},"end":{"line":41,"column":63}}},"6":{"name":"(anonymous_18)","decl":{"start":{"line":44,"column":13},"end":{"line":44,"column":16}},"loc":{"start":{"line":44,"column":19},"end":{"line":44,"column":34}}},"7":{"name":"(anonymous_19)","decl":{"start":{"line":44,"column":36},"end":{"line":44,"column":37}},"loc":{"start":{"line":44,"column":57},"end":{"line":44,"column":78}}},"8":{"name":"(anonymous_20)","decl":{"start":{"line":47,"column":13},"end":{"line":47,"column":16}},"loc":{"start":{"line":47,"column":19},"end":{"line":47,"column":31}}},"9":{"name":"(anonymous_21)","decl":{"start":{"line":47,"column":33},"end":{"line":47,"column":34}},"loc":{"start":{"line":47,"column":51},"end":{"line":47,"column":69}}},"10":{"name":"(anonymous_22)","decl":{"start":{"line":53,"column":13},"end":{"line":53,"column":16}},"loc":{"start":{"line":53,"column":19},"end":{"line":53,"column":23}}},"11":{"name":"(anonymous_23)","decl":{"start":{"line":53,"column":25},"end":{"line":53,"column":26}},"loc":{"start":{"line":53,"column":35},"end":{"line":53,"column":45}}}},"branchMap":{"0":{"loc":{"start":{"line":72,"column":4},"end":{"line":72,"column":49}},"type":"if","locations":[{"start":{"line":72,"column":4},"end":{"line":72,"column":49}},{"start":{"line":72,"column":4},"end":{"line":72,"column":49}}]}},"s":{"0":2,"1":2,"2":2,"3":2,"4":2,"5":2,"6":2,"7":0,"8":0,"9":0,"10":0,"11":0,"12":0,"13":0,"14":0,"15":0,"16":0,"17":2,"18":2,"19":2,"20":2,"21":2,"22":2,"23":2,"24":0,"25":0,"26":2,"27":0,"28":0,"29":2,"30":0,"31":0,"32":2,"33":2,"34":0,"35":0,"36":2,"37":2,"38":2},"f":{"0":0,"1":0,"2":0,"3":0,"4":0,"5":0,"6":0,"7":0,"8":0,"9":0,"10":0,"11":0},"b":{"0":[0,0]}}
,"E:\\Monash-Learning-Materials\\2020-S2\\FIT3170\\monash-tutor-allocation-system\\server\\src\\entity\\StaffPreference.ts": {"path":"E:\\Monash-Learning-Materials\\2020-S2\\FIT3170\\monash-tutor-allocation-system\\server\\src\\entity\\StaffPreference.ts","statementMap":{"0":{"start":{"line":1,"column":0},"end":{"line":1,"column":null}},"1":{"start":{"line":9,"column":0},"end":{"line":9,"column":32}},"2":{"start":{"line":10,"column":0},"end":{"line":10,"column":30}},"3":{"start":{"line":13,"column":0},"end":{"line":37,"column":null}},"4":{"start":{"line":15,"column":2},"end":{"line":15,"column":null}},"5":{"start":{"line":18,"column":2},"end":{"line":18,"column":null}},"6":{"start":{"line":21,"column":2},"end":{"line":21,"column":null}},"7":{"start":{"line":24,"column":2},"end":{"line":24,"column":null}},"8":{"start":{"line":27,"column":2},"end":{"line":27,"column":null}},"9":{"start":{"line":26,"column":19},"end":{"line":26,"column":24}},"10":{"start":{"line":26,"column":37},"end":{"line":26,"column":58}},"11":{"start":{"line":30,"column":2},"end":{"line":30,"column":null}},"12":{"start":{"line":29,"column":46},"end":{"line":29,"column":61}},"13":{"start":{"line":33,"column":2},"end":{"line":33,"column":null}},"14":{"start":{"line":32,"column":19},"end":{"line":32,"column":23}},"15":{"start":{"line":36,"column":2},"end":{"line":36,"column":null}},"16":{"start":{"line":35,"column":46},"end":{"line":35,"column":60}},"17":{"start":{"line":13,"column":13},"end":{"line":37,"column":null}},"18":{"start":{"line":13,"column":13},"end":{"line":13,"column":28}}},"fnMap":{"0":{"name":"(anonymous_2)","decl":{"start":{"line":26,"column":13},"end":{"line":26,"column":16}},"loc":{"start":{"line":26,"column":19},"end":{"line":26,"column":24}}},"1":{"name":"(anonymous_3)","decl":{"start":{"line":26,"column":26},"end":{"line":26,"column":27}},"loc":{"start":{"line":26,"column":37},"end":{"line":26,"column":58}}},"2":{"name":"(anonymous_4)","decl":{"start":{"line":29,"column":14},"end":{"line":29,"column":15}},"loc":{"start":{"line":29,"column":46},"end":{"line":29,"column":61}}},"3":{"name":"(anonymous_5)","decl":{"start":{"line":32,"column":13},"end":{"line":32,"column":16}},"loc":{"start":{"line":32,"column":19},"end":{"line":32,"column":23}}},"4":{"name":"(anonymous_6)","decl":{"start":{"line":35,"column":14},"end":{"line":35,"column":15}},"loc":{"start":{"line":35,"column":46},"end":{"line":35,"column":60}}}},"branchMap":{},"s":{"0":2,"1":2,"2":2,"3":2,"4":2,"5":2,"6":2,"7":2,"8":2,"9":0,"10":0,"11":2,"12":0,"13":2,"14":0,"15":2,"16":0,"17":2,"18":2},"f":{"0":0,"1":0,"2":0,"3":0,"4":0},"b":{}}
,"E:\\Monash-Learning-Materials\\2020-S2\\FIT3170\\monash-tutor-allocation-system\\server\\src\\entity\\Unit.ts": {"path":"E:\\Monash-Learning-Materials\\2020-S2\\FIT3170\\monash-tutor-allocation-system\\server\\src\\entity\\Unit.ts","statementMap":{"0":{"start":{"line":1,"column":0},"end":{"line":1,"column":null}},"1":{"start":{"line":9,"column":0},"end":{"line":9,"column":38}},"2":{"start":{"line":10,"column":0},"end":{"line":10,"column":30}},"3":{"start":{"line":11,"column":0},"end":{"line":11,"column":52}},"4":{"start":{"line":15,"column":0},"end":{"line":48,"column":null}},"5":{"start":{"line":17,"column":2},"end":{"line":17,"column":null}},"6":{"start":{"line":23,"column":2},"end":{"line":23,"column":null}},"7":{"start":{"line":26,"column":2},"end":{"line":26,"column":null}},"8":{"start":{"line":32,"column":2},"end":{"line":32,"column":null}},"9":{"start":{"line":35,"column":2},"end":{"line":35,"column":null}},"10":{"start":{"line":38,"column":2},"end":{"line":38,"column":null}},"11":{"start":{"line":41,"column":2},"end":{"line":41,"column":null}},"12":{"start":{"line":40,"column":19},"end":{"line":40,"column":27}},"13":{"start":{"line":40,"column":43},"end":{"line":40,"column":56}},"14":{"start":{"line":44,"column":2},"end":{"line":44,"column":null}},"15":{"start":{"line":43,"column":19},"end":{"line":43,"column":34}},"16":{"start":{"line":43,"column":57},"end":{"line":43,"column":77}},"17":{"start":{"line":47,"column":2},"end":{"line":47,"column":null}},"18":{"start":{"line":46,"column":19},"end":{"line":46,"column":23}},"19":{"start":{"line":46,"column":35},"end":{"line":46,"column":44}},"20":{"start":{"line":15,"column":13},"end":{"line":48,"column":null}},"21":{"start":{"line":15,"column":13},"end":{"line":15,"column":17}}},"fnMap":{"0":{"name":"(anonymous_2)","decl":{"start":{"line":40,"column":13},"end":{"line":40,"column":16}},"loc":{"start":{"line":40,"column":19},"end":{"line":40,"column":27}}},"1":{"name":"(anonymous_3)","decl":{"start":{"line":40,"column":29},"end":{"line":40,"column":30}},"loc":{"start":{"line":40,"column":43},"end":{"line":40,"column":56}}},"2":{"name":"(anonymous_4)","decl":{"start":{"line":43,"column":13},"end":{"line":43,"column":16}},"loc":{"start":{"line":43,"column":19},"end":{"line":43,"column":34}}},"3":{"name":"(anonymous_5)","decl":{"start":{"line":43,"column":36},"end":{"line":43,"column":37}},"loc":{"start":{"line":43,"column":57},"end":{"line":43,"column":77}}},"4":{"name":"(anonymous_6)","decl":{"start":{"line":46,"column":13},"end":{"line":46,"column":16}},"loc":{"start":{"line":46,"column":19},"end":{"line":46,"column":23}}},"5":{"name":"(anonymous_7)","decl":{"start":{"line":46,"column":25},"end":{"line":46,"column":26}},"loc":{"start":{"line":46,"column":35},"end":{"line":46,"column":44}}}},"branchMap":{},"s":{"0":2,"1":2,"2":2,"3":2,"4":2,"5":2,"6":2,"7":2,"8":2,"9":2,"10":2,"11":2,"12":0,"13":0,"14":2,"15":0,"16":0,"17":2,"18":0,"19":0,"20":2,"21":2},"f":{"0":0,"1":0,"2":0,"3":0,"4":0,"5":0},"b":{}}
,"E:\\Monash-Learning-Materials\\2020-S2\\FIT3170\\monash-tutor-allocation-system\\server\\src\\entity\\index.ts": {"path":"E:\\Monash-Learning-Materials\\2020-S2\\FIT3170\\monash-tutor-allocation-system\\server\\src\\entity\\index.ts","statementMap":{"0":{"start":{"line":1,"column":0},"end":{"line":1,"column":9}},"1":{"start":{"line":10,"column":2},"end":{"line":1,"column":32}},"2":{"start":{"line":2,"column":0},"end":{"line":2,"column":9}},"3":{"start":{"line":11,"column":2},"end":{"line":2,"column":30}},"4":{"start":{"line":3,"column":0},"end":{"line":3,"column":9}},"5":{"start":{"line":13,"column":2},"end":{"line":3,"column":42}},"6":{"start":{"line":4,"column":0},"end":{"line":4,"column":9}},"7":{"start":{"line":12,"column":2},"end":{"line":4,"column":38}},"8":{"start":{"line":5,"column":0},"end":{"line":5,"column":9}},"9":{"start":{"line":14,"column":2},"end":{"line":5,"column":46}},"10":{"start":{"line":6,"column":0},"end":{"line":6,"column":9}},"11":{"start":{"line":15,"column":2},"end":{"line":6,"column":52}},"12":{"start":{"line":7,"column":0},"end":{"line":7,"column":9}},"13":{"start":{"line":16,"column":2},"end":{"line":7,"column":36}}},"fnMap":{"0":{"name":"(anonymous_0)","decl":{"start":{"line":10,"column":2},"end":{"line":10,"column":7}},"loc":{"start":{"line":10,"column":2},"end":{"line":1,"column":32}}},"1":{"name":"(anonymous_1)","decl":{"start":{"line":11,"column":2},"end":{"line":11,"column":6}},"loc":{"start":{"line":11,"column":2},"end":{"line":2,"column":30}}},"2":{"name":"(anonymous_2)","decl":{"start":{"line":13,"column":2},"end":{"line":13,"column":12}},"loc":{"start":{"line":13,"column":2},"end":{"line":3,"column":42}}},"3":{"name":"(anonymous_3)","decl":{"start":{"line":12,"column":2},"end":{"line":12,"column":10}},"loc":{"start":{"line":12,"column":2},"end":{"line":4,"column":38}}},"4":{"name":"(anonymous_4)","decl":{"start":{"line":14,"column":2},"end":{"line":14,"column":14}},"loc":{"start":{"line":14,"column":2},"end":{"line":5,"column":46}}},"5":{"name":"(anonymous_5)","decl":{"start":{"line":15,"column":2},"end":{"line":15,"column":17}},"loc":{"start":{"line":15,"column":2},"end":{"line":6,"column":52}}},"6":{"name":"(anonymous_6)","decl":{"start":{"line":16,"column":2},"end":{"line":16,"column":9}},"loc":{"start":{"line":16,"column":2},"end":{"line":7,"column":36}}}},"branchMap":{},"s":{"0":2,"1":13,"2":2,"3":11,"4":2,"5":7,"6":2,"7":9,"8":2,"9":7,"10":2,"11":7,"12":2,"13":2},"f":{"0":11,"1":9,"2":5,"3":7,"4":5,"5":5,"6":0},"b":{}}
,"E:\\Monash-Learning-Materials\\2020-S2\\FIT3170\\monash-tutor-allocation-system\\server\\src\\enums\\DayOfWeek.ts": {"path":"E:\\Monash-Learning-Materials\\2020-S2\\FIT3170\\monash-tutor-allocation-system\\server\\src\\enums\\DayOfWeek.ts","statementMap":{"0":{"start":{"line":1,"column":0},"end":{"line":1,"column":null}},"1":{"start":{"line":2,"column":2},"end":{"line":2,"column":null}},"2":{"start":{"line":3,"column":2},"end":{"line":3,"column":null}},"3":{"start":{"line":4,"column":2},"end":{"line":4,"column":null}},"4":{"start":{"line":5,"column":2},"end":{"line":5,"column":null}},"5":{"start":{"line":6,"column":2},"end":{"line":6,"column":null}}},"fnMap":{"0":{"name":"(anonymous_0)","decl":{"start":{"line":1,"column":0},"end":{"line":1,"column":12}},"loc":{"start":{"line":1,"column":21},"end":{"line":7,"column":1}}}},"branchMap":{"0":{"loc":{"start":{"line":1,"column":12},"end":{"line":1,"column":21}},"type":"binary-expr","locations":[{"start":{"line":1,"column":12},"end":{"line":1,"column":21}},{"start":{"line":1,"column":12},"end":{"line":1,"column":null}}]}},"s":{"0":2,"1":2,"2":2,"3":2,"4":2,"5":2},"f":{"0":2},"b":{"0":[2,2]}}
,"E:\\Monash-Learning-Materials\\2020-S2\\FIT3170\\monash-tutor-allocation-system\\server\\src\\enums\\RoleEnum.ts": {"path":"E:\\Monash-Learning-Materials\\2020-S2\\FIT3170\\monash-tutor-allocation-system\\server\\src\\enums\\RoleEnum.ts","statementMap":{"0":{"start":{"line":1,"column":0},"end":{"line":1,"column":null}},"1":{"start":{"line":2,"column":2},"end":{"line":2,"column":null}},"2":{"start":{"line":3,"column":2},"end":{"line":3,"column":null}},"3":{"start":{"line":6,"column":0},"end":{"line":6,"column":null}},"4":{"start":{"line":7,"column":2},"end":{"line":7,"column":null}},"5":{"start":{"line":8,"column":2},"end":{"line":8,"column":null}}},"fnMap":{"0":{"name":"(anonymous_0)","decl":{"start":{"line":1,"column":0},"end":{"line":1,"column":12}},"loc":{"start":{"line":1,"column":20},"end":{"line":4,"column":1}}},"1":{"name":"(anonymous_1)","decl":{"start":{"line":6,"column":0},"end":{"line":6,"column":12}},"loc":{"start":{"line":6,"column":23},"end":{"line":9,"column":1}}}},"branchMap":{"0":{"loc":{"start":{"line":1,"column":12},"end":{"line":1,"column":20}},"type":"binary-expr","locations":[{"start":{"line":1,"column":12},"end":{"line":1,"column":20}},{"start":{"line":1,"column":12},"end":{"line":1,"column":null}}]},"1":{"loc":{"start":{"line":6,"column":12},"end":{"line":6,"column":23}},"type":"binary-expr","locations":[{"start":{"line":6,"column":12},"end":{"line":6,"column":23}},{"start":{"line":6,"column":12},"end":{"line":6,"column":null}}]}},"s":{"0":2,"1":2,"2":2,"3":2,"4":2,"5":2},"f":{"0":2,"1":2},"b":{"0":[2,2],"1":[2,2]}}
,"E:\\Monash-Learning-Materials\\2020-S2\\FIT3170\\monash-tutor-allocation-system\\server\\src\\migrations\\1608114613328-addSession.ts": {"path":"E:\\Monash-Learning-Materials\\2020-S2\\FIT3170\\monash-tutor-allocation-system\\server\\src\\migrations\\1608114613328-addSession.ts","statementMap":{"0":{"start":{"line":4,"column":2},"end":{"line":4,"column":35}},"1":{"start":{"line":7,"column":4},"end":{"line":9,"column":6}},"2":{"start":{"line":13,"column":4},"end":{"line":13,"column":52}},"3":{"start":{"line":3,"column":0},"end":{"line":3,"column":13}}},"fnMap":{"0":{"name":"(anonymous_7)","decl":{"start":{"line":3,"column":0},"end":{"line":3,"column":13}},"loc":{"start":{"line":3,"column":0},"end":{"line":15,"column":1}}},"1":{"name":"(anonymous_8)","decl":{"start":{"line":6,"column":15},"end":{"line":6,"column":17}},"loc":{"start":{"line":6,"column":42},"end":{"line":10,"column":null}}},"2":{"name":"(anonymous_10)","decl":{"start":{"line":12,"column":15},"end":{"line":12,"column":19}},"loc":{"start":{"line":12,"column":44},"end":{"line":14,"column":null}}}},"branchMap":{},"s":{"0":2,"1":0,"2":0,"3":2},"f":{"0":2,"1":0,"2":0},"b":{}}
}
