{
  "E:\\Monash-Learning-Materials\\2020-S2\\FIT3170\\project\\monash-tutor-allocation-system\\server\\src\\database\\factories\\Activity.factory.ts": {
    "path": "E:\\Monash-Learning-Materials\\2020-S2\\FIT3170\\project\\monash-tutor-allocation-system\\server\\src\\database\\factories\\Activity.factory.ts",
    "statementMap": {
      "0": {
        "start": { "line": 2, "column": 0 },
        "end": { "line": 2, "column": 40 }
      },
      "1": {
        "start": { "line": 3, "column": 0 },
        "end": { "line": 3, "column": 50 }
      },
      "2": {
        "start": { "line": 4, "column": 0 },
        "end": { "line": 4, "column": 45 }
      },
      "3": {
        "start": { "line": 6, "column": 0 },
        "end": { "line": 18, "column": 3 }
      },
      "4": {
        "start": { "line": 7, "column": 21 },
        "end": { "line": 7, "column": 35 }
      },
      "5": {
        "start": { "line": 8, "column": 4 },
        "end": { "line": 8, "column": 38 }
      },
      "6": {
        "start": { "line": 9, "column": 4 },
        "end": { "line": 9, "column": null }
      },
      "7": {
        "start": { "line": 10, "column": 4 },
        "end": { "line": 10, "column": null }
      },
      "8": {
        "start": { "line": 11, "column": 4 },
        "end": { "line": 11, "column": null }
      },
      "9": {
        "start": { "line": 12, "column": 4 },
        "end": { "line": 12, "column": null }
      },
      "10": {
        "start": { "line": 13, "column": 4 },
        "end": { "line": 13, "column": null }
      },
      "11": {
        "start": { "line": 14, "column": 4 },
        "end": { "line": 14, "column": null }
      },
      "12": {
        "start": { "line": 15, "column": 4 },
        "end": { "line": 15, "column": null }
      },
      "13": {
        "start": { "line": 16, "column": 4 },
        "end": { "line": 16, "column": 29 }
      },
      "14": {
        "start": { "line": 17, "column": 4 },
        "end": { "line": 17, "column": 20 }
      }
    },
    "fnMap": {
      "0": {
        "name": "(anonymous_0)",
        "decl": {
          "start": { "line": 6, "column": 17 },
          "end": { "line": 6, "column": 18 }
        },
        "loc": {
          "start": { "line": 6, "column": 41 },
          "end": { "line": 18, "column": 1 }
        }
      }
    },
    "branchMap": {},
    "s": {
      "0": 1,
      "1": 1,
      "2": 1,
      "3": 1,
      "4": 0,
      "5": 0,
      "6": 0,
      "7": 0,
      "8": 0,
      "9": 0,
      "10": 0,
      "11": 0,
      "12": 0,
      "13": 0,
      "14": 0
    },
    "f": { "0": 0 },
    "b": {}
  },
  "E:\\Monash-Learning-Materials\\2020-S2\\FIT3170\\project\\monash-tutor-allocation-system\\server\\src\\database\\factories\\Staff.factory.ts": {
    "path": "E:\\Monash-Learning-Materials\\2020-S2\\FIT3170\\project\\monash-tutor-allocation-system\\server\\src\\database\\factories\\Staff.factory.ts",
    "statementMap": {
      "0": {
        "start": { "line": 2, "column": 0 },
        "end": { "line": 2, "column": 40 }
      },
      "1": {
        "start": { "line": 3, "column": 0 },
        "end": { "line": 3, "column": 36 }
      },
      "2": {
        "start": { "line": 5, "column": 0 },
        "end": { "line": 14, "column": 3 }
      },
      "3": {
        "start": { "line": 6, "column": 18 },
        "end": { "line": 6, "column": 29 }
      },
      "4": {
        "start": { "line": 7, "column": 4 },
        "end": { "line": 7, "column": null }
      },
      "5": {
        "start": { "line": 8, "column": 4 },
        "end": { "line": 8, "column": null }
      },
      "6": {
        "start": { "line": 9, "column": 4 },
        "end": { "line": 9, "column": null }
      },
      "7": {
        "start": { "line": 10, "column": 4 },
        "end": { "line": 10, "column": null }
      },
      "8": {
        "start": { "line": 11, "column": 4 },
        "end": { "line": 11, "column": null }
      },
      "9": {
        "start": { "line": 12, "column": 4 },
        "end": { "line": 12, "column": null }
      },
      "10": {
        "start": { "line": 13, "column": 4 },
        "end": { "line": 13, "column": null }
      }
    },
    "fnMap": {
      "0": {
        "name": "(anonymous_0)",
        "decl": {
          "start": { "line": 5, "column": 14 },
          "end": { "line": 5, "column": 15 }
        },
        "loc": {
          "start": { "line": 5, "column": 38 },
          "end": { "line": 14, "column": 1 }
        }
      }
    },
    "branchMap": {},
    "s": {
      "0": 1,
      "1": 1,
      "2": 1,
      "3": 1,
      "4": 1,
      "5": 1,
      "6": 1,
      "7": 1,
      "8": 1,
      "9": 1,
      "10": 1
    },
    "f": { "0": 1 },
    "b": {}
  },
  "E:\\Monash-Learning-Materials\\2020-S2\\FIT3170\\project\\monash-tutor-allocation-system\\server\\src\\database\\factories\\allocation.factory.ts": {
    "path": "E:\\Monash-Learning-Materials\\2020-S2\\FIT3170\\project\\monash-tutor-allocation-system\\server\\src\\database\\factories\\allocation.factory.ts",
    "statementMap": {
      "0": {
        "start": { "line": 2, "column": 0 },
        "end": { "line": 2, "column": 40 }
      },
      "1": {
        "start": { "line": 3, "column": 0 },
        "end": { "line": 3, "column": 58 }
      },
      "2": {
        "start": { "line": 5, "column": 0 },
        "end": { "line": 11, "column": 3 }
      },
      "3": {
        "start": { "line": 6, "column": 23 },
        "end": { "line": 6, "column": 39 }
      },
      "4": {
        "start": { "line": 7, "column": 4 },
        "end": { "line": 7, "column": null }
      },
      "5": {
        "start": { "line": 8, "column": 4 },
        "end": { "line": 8, "column": 35 }
      },
      "6": {
        "start": { "line": 9, "column": 4 },
        "end": { "line": 9, "column": 41 }
      },
      "7": {
        "start": { "line": 10, "column": 4 },
        "end": { "line": 10, "column": null }
      }
    },
    "fnMap": {
      "0": {
        "name": "(anonymous_0)",
        "decl": {
          "start": { "line": 5, "column": 19 },
          "end": { "line": 5, "column": 20 }
        },
        "loc": {
          "start": { "line": 5, "column": 43 },
          "end": { "line": 11, "column": 1 }
        }
      }
    },
    "branchMap": {},
    "s": { "0": 1, "1": 1, "2": 1, "3": 0, "4": 0, "5": 0, "6": 0, "7": 0 },
    "f": { "0": 0 },
    "b": {}
  },
  "E:\\Monash-Learning-Materials\\2020-S2\\FIT3170\\project\\monash-tutor-allocation-system\\server\\src\\database\\factories\\availability.factory.ts": {
    "path": "E:\\Monash-Learning-Materials\\2020-S2\\FIT3170\\project\\monash-tutor-allocation-system\\server\\src\\database\\factories\\availability.factory.ts",
    "statementMap": {
      "0": {
        "start": { "line": 2, "column": 0 },
        "end": { "line": 2, "column": 40 }
      },
      "1": {
        "start": { "line": 3, "column": 0 },
        "end": { "line": 3, "column": 50 }
      },
      "2": {
        "start": { "line": 4, "column": 0 },
        "end": { "line": 4, "column": 50 }
      },
      "3": {
        "start": { "line": 6, "column": 0 },
        "end": { "line": 17, "column": 3 }
      },
      "4": {
        "start": { "line": 7, "column": 25 },
        "end": { "line": 7, "column": 43 }
      },
      "5": {
        "start": { "line": 8, "column": 4 },
        "end": { "line": 8, "column": null }
      },
      "6": {
        "start": { "line": 9, "column": 4 },
        "end": { "line": 9, "column": null }
      },
      "7": {
        "start": { "line": 10, "column": 4 },
        "end": { "line": 10, "column": null }
      },
      "8": {
        "start": { "line": 11, "column": 4 },
        "end": { "line": 11, "column": null }
      },
      "9": {
        "start": { "line": 12, "column": 4 },
        "end": { "line": 12, "column": null }
      },
      "10": {
        "start": { "line": 13, "column": 4 },
        "end": { "line": 13, "column": null }
      },
      "11": {
        "start": { "line": 14, "column": 4 },
        "end": { "line": 14, "column": null }
      },
      "12": {
        "start": { "line": 15, "column": 4 },
        "end": { "line": 15, "column": null }
      },
      "13": {
        "start": { "line": 16, "column": 4 },
        "end": { "line": 16, "column": null }
      }
    },
    "fnMap": {
      "0": {
        "name": "(anonymous_0)",
        "decl": {
          "start": { "line": 6, "column": 21 },
          "end": { "line": 6, "column": 22 }
        },
        "loc": {
          "start": { "line": 6, "column": 45 },
          "end": { "line": 17, "column": 1 }
        }
      }
    },
    "branchMap": {},
    "s": {
      "0": 1,
      "1": 1,
      "2": 1,
      "3": 1,
      "4": 0,
      "5": 0,
      "6": 0,
      "7": 0,
      "8": 0,
      "9": 0,
      "10": 0,
      "11": 0,
      "12": 0,
      "13": 0
    },
    "f": { "0": 0 },
    "b": {}
  },
  "E:\\Monash-Learning-Materials\\2020-S2\\FIT3170\\project\\monash-tutor-allocation-system\\server\\src\\database\\factories\\staffPreference.factory.ts": {
    "path": "E:\\Monash-Learning-Materials\\2020-S2\\FIT3170\\project\\monash-tutor-allocation-system\\server\\src\\database\\factories\\staffPreference.factory.ts",
    "statementMap": {
      "0": {
        "start": { "line": 2, "column": 0 },
        "end": { "line": 2, "column": 40 }
      },
      "1": {
        "start": { "line": 3, "column": 0 },
        "end": { "line": 3, "column": 59 }
      },
      "2": {
        "start": { "line": 5, "column": 0 },
        "end": { "line": 14, "column": 3 }
      },
      "3": {
        "start": { "line": 6, "column": 28 },
        "end": { "line": 6, "column": 49 }
      },
      "4": {
        "start": { "line": 7, "column": 4 },
        "end": { "line": 7, "column": null }
      },
      "5": {
        "start": { "line": 8, "column": 4 },
        "end": { "line": 8, "column": null }
      },
      "6": {
        "start": { "line": 9, "column": 4 },
        "end": { "line": 9, "column": null }
      },
      "7": {
        "start": { "line": 10, "column": 4 },
        "end": { "line": 10, "column": null }
      },
      "8": {
        "start": { "line": 11, "column": 4 },
        "end": { "line": 11, "column": 40 }
      },
      "9": {
        "start": { "line": 12, "column": 4 },
        "end": { "line": 12, "column": 38 }
      },
      "10": {
        "start": { "line": 13, "column": 4 },
        "end": { "line": 13, "column": null }
      }
    },
    "fnMap": {
      "0": {
        "name": "(anonymous_0)",
        "decl": {
          "start": { "line": 5, "column": 24 },
          "end": { "line": 5, "column": 25 }
        },
        "loc": {
          "start": { "line": 5, "column": 48 },
          "end": { "line": 14, "column": 1 }
        }
      }
    },
    "branchMap": {},
    "s": {
      "0": 1,
      "1": 1,
      "2": 1,
      "3": 0,
      "4": 0,
      "5": 0,
      "6": 0,
      "7": 0,
      "8": 0,
      "9": 0,
      "10": 0
    },
    "f": { "0": 0 },
    "b": {}
  },
  "E:\\Monash-Learning-Materials\\2020-S2\\FIT3170\\project\\monash-tutor-allocation-system\\server\\src\\database\\factories\\unit.factory.ts": {
    "path": "E:\\Monash-Learning-Materials\\2020-S2\\FIT3170\\project\\monash-tutor-allocation-system\\server\\src\\database\\factories\\unit.factory.ts",
    "statementMap": {
      "0": {
        "start": { "line": 2, "column": 0 },
        "end": { "line": 2, "column": 40 }
      },
      "1": {
        "start": { "line": 3, "column": 0 },
        "end": { "line": 3, "column": 35 }
      },
      "2": {
        "start": { "line": 5, "column": 0 },
        "end": { "line": 16, "column": 3 }
      },
      "3": {
        "start": { "line": 6, "column": 4 },
        "end": { "line": 6, "column": null }
      },
      "4": {
        "start": { "line": 8, "column": 17 },
        "end": { "line": 8, "column": 27 }
      },
      "5": {
        "start": { "line": 9, "column": 4 },
        "end": { "line": 9, "column": null }
      },
      "6": {
        "start": { "line": 10, "column": 4 },
        "end": { "line": 10, "column": null }
      },
      "7": {
        "start": { "line": 11, "column": 4 },
        "end": { "line": 11, "column": null }
      },
      "8": {
        "start": { "line": 12, "column": 4 },
        "end": { "line": 12, "column": null }
      },
      "9": {
        "start": { "line": 13, "column": 4 },
        "end": { "line": 13, "column": null }
      },
      "10": {
        "start": { "line": 14, "column": 4 },
        "end": { "line": 14, "column": null }
      },
      "11": {
        "start": { "line": 15, "column": 4 },
        "end": { "line": 15, "column": null }
      }
    },
    "fnMap": {
      "0": {
        "name": "(anonymous_0)",
        "decl": {
          "start": { "line": 5, "column": 13 },
          "end": { "line": 5, "column": 14 }
        },
        "loc": {
          "start": { "line": 5, "column": 37 },
          "end": { "line": 16, "column": 1 }
        }
      }
    },
    "branchMap": {},
    "s": {
      "0": 1,
      "1": 1,
      "2": 1,
      "3": 0,
      "4": 0,
      "5": 0,
      "6": 0,
      "7": 0,
      "8": 0,
      "9": 0,
      "10": 0,
      "11": 0
    },
    "f": { "0": 0 },
    "b": {}
  }
}
