TN:
SF:dist\entity\Activity.js
FN:2,(anonymous_0)
FN:8,(anonymous_1)
FN:62,(anonymous_2)
FN:62,(anonymous_3)
FN:66,(anonymous_4)
FN:66,(anonymous_5)
FNF:6
FNH:2
FNDA:13,(anonymous_0)
FNDA:12,(anonymous_1)
FNDA:0,(anonymous_2)
FNDA:0,(anonymous_3)
FNDA:0,(anonymous_4)
FNDA:0,(anonymous_5)
DA:2,1
DA:3,13
DA:4,13
DA:5,0
DA:6,13
DA:8,1
DA:9,12
DA:11,1
DA:12,1
DA:13,1
DA:14,1
DA:15,1
DA:16,1
DA:17,1
DA:19,1
DA:23,1
DA:27,1
DA:31,1
DA:38,1
DA:42,1
DA:46,1
DA:52,1
DA:56,1
DA:61,1
DA:62,0
DA:65,1
DA:66,0
DA:70,1
DA:74,1
DA:78,1
LF:30
LH:27
BRDA:2,0,0,1
BRDA:2,0,1,1
BRDA:2,0,2,1
BRDA:3,1,0,1
BRDA:3,1,1,12
BRDA:3,2,0,0
BRDA:3,2,1,12
BRDA:4,3,0,13
BRDA:4,3,1,0
BRDA:4,4,0,13
BRDA:4,4,1,13
BRDA:5,5,0,0
BRDA:5,5,1,0
BRDA:5,6,0,0
BRDA:5,6,1,0
BRDA:5,7,0,0
BRDA:5,7,1,0
BRDA:5,8,0,0
BRDA:5,8,1,0
BRDA:6,9,0,13
BRDA:6,9,1,12
BRDA:6,9,2,0
BRDA:8,10,0,1
BRDA:8,10,1,1
BRDA:8,10,2,1
BRDA:9,11,0,12
BRDA:9,11,1,0
BRDA:9,12,0,12
BRDA:9,12,1,12
BRF:29
BRH:17
end_of_record
TN:
SF:dist\entity\Allocation.js
FN:2,(anonymous_0)
FN:8,(anonymous_1)
FN:23,(anonymous_2)
FN:23,(anonymous_3)
FN:33,(anonymous_4)
FN:33,(anonymous_5)
FNF:6
FNH:2
FNDA:9,(anonymous_0)
FNDA:8,(anonymous_1)
FNDA:0,(anonymous_2)
FNDA:0,(anonymous_3)
FNDA:0,(anonymous_4)
FNDA:0,(anonymous_5)
DA:2,1
DA:3,9
DA:4,9
DA:5,0
DA:6,9
DA:8,1
DA:9,8
DA:11,1
DA:12,1
DA:13,1
DA:14,1
DA:15,1
DA:16,1
DA:18,1
DA:22,1
DA:23,0
DA:28,1
DA:32,1
DA:33,0
DA:36,1
DA:40,1
DA:44,1
DA:48,1
DA:52,1
DA:55,1
LF:25
LH:22
BRDA:2,0,0,1
BRDA:2,0,1,1
BRDA:2,0,2,1
BRDA:3,1,0,1
BRDA:3,1,1,8
BRDA:3,2,0,0
BRDA:3,2,1,8
BRDA:4,3,0,9
BRDA:4,3,1,0
BRDA:4,4,0,9
BRDA:4,4,1,9
BRDA:5,5,0,0
BRDA:5,5,1,0
BRDA:5,6,0,0
BRDA:5,6,1,0
BRDA:5,7,0,0
BRDA:5,7,1,0
BRDA:5,8,0,0
BRDA:5,8,1,0
BRDA:6,9,0,9
BRDA:6,9,1,8
BRDA:6,9,2,0
BRDA:8,10,0,1
BRDA:8,10,1,1
BRDA:8,10,2,1
BRDA:9,11,0,8
BRDA:9,11,1,0
BRDA:9,12,0,8
BRDA:9,12,1,8
BRF:29
BRH:17
end_of_record
TN:
SF:dist\entity\Availability.js
FN:2,(anonymous_0)
FN:8,(anonymous_1)
FN:47,(anonymous_2)
FN:47,(anonymous_3)
FNF:4
FNH:2
FNDA:10,(anonymous_0)
FNDA:9,(anonymous_1)
FNDA:0,(anonymous_2)
FNDA:0,(anonymous_3)
DA:2,1
DA:3,10
DA:4,10
DA:5,0
DA:6,10
DA:8,1
DA:9,9
DA:11,1
DA:12,1
DA:13,1
DA:14,1
DA:15,1
DA:16,1
DA:18,1
DA:22,1
DA:26,1
DA:30,1
DA:34,1
DA:38,1
DA:42,1
DA:46,1
DA:47,0
DA:50,1
DA:54,1
DA:57,1
LF:25
LH:23
BRDA:2,0,0,1
BRDA:2,0,1,1
BRDA:2,0,2,1
BRDA:3,1,0,1
BRDA:3,1,1,9
BRDA:3,2,0,0
BRDA:3,2,1,9
BRDA:4,3,0,10
BRDA:4,3,1,0
BRDA:4,4,0,10
BRDA:4,4,1,10
BRDA:5,5,0,0
BRDA:5,5,1,0
BRDA:5,6,0,0
BRDA:5,6,1,0
BRDA:5,7,0,0
BRDA:5,7,1,0
BRDA:5,8,0,0
BRDA:5,8,1,0
BRDA:6,9,0,10
BRDA:6,9,1,9
BRDA:6,9,2,0
BRDA:8,10,0,1
BRDA:8,10,1,1
BRDA:8,10,2,1
BRDA:9,11,0,9
BRDA:9,11,1,0
BRDA:9,12,0,9
BRDA:9,12,1,9
BRF:29
BRH:17
end_of_record
TN:
SF:dist\entity\Role.js
FN:2,(anonymous_0)
FN:8,(anonymous_1)
FN:28,(anonymous_2)
FN:37,(anonymous_3)
FNF:4
FNH:2
FNDA:7,(anonymous_0)
FNDA:6,(anonymous_1)
FNDA:0,(anonymous_2)
FNDA:0,(anonymous_3)
DA:2,1
DA:3,7
DA:4,7
DA:5,0
DA:6,7
DA:8,1
DA:9,6
DA:11,1
DA:12,1
DA:13,1
DA:14,1
DA:15,1
DA:16,1
DA:17,1
DA:19,1
DA:23,1
DA:27,1
DA:28,0
DA:32,1
DA:36,1
DA:37,0
DA:41,1
DA:45,1
DA:49,1
LF:24
LH:21
BRDA:2,0,0,1
BRDA:2,0,1,1
BRDA:2,0,2,1
BRDA:3,1,0,1
BRDA:3,1,1,6
BRDA:3,2,0,0
BRDA:3,2,1,6
BRDA:4,3,0,7
BRDA:4,3,1,0
BRDA:4,4,0,7
BRDA:4,4,1,7
BRDA:5,5,0,0
BRDA:5,5,1,0
BRDA:5,6,0,0
BRDA:5,6,1,0
BRDA:5,7,0,0
BRDA:5,7,1,0
BRDA:5,8,0,0
BRDA:5,8,1,0
BRDA:6,9,0,7
BRDA:6,9,1,6
BRDA:6,9,2,0
BRDA:8,10,0,1
BRDA:8,10,1,1
BRDA:8,10,2,1
BRDA:9,11,0,6
BRDA:9,11,1,0
BRDA:9,12,0,6
BRDA:9,12,1,6
BRF:29
BRH:17
end_of_record
TN:
SF:dist\entity\Rule.js
FN:2,(anonymous_0)
FN:8,(anonymous_1)
FNF:2
FNH:2
FNDA:5,(anonymous_0)
FNDA:4,(anonymous_1)
DA:2,1
DA:3,5
DA:4,5
DA:5,0
DA:6,5
DA:8,1
DA:9,4
DA:11,1
DA:12,1
DA:13,1
DA:14,1
DA:16,1
DA:20,1
DA:24,1
DA:28,1
DA:32,1
DA:35,1
LF:17
LH:16
BRDA:2,0,0,1
BRDA:2,0,1,1
BRDA:2,0,2,1
BRDA:3,1,0,1
BRDA:3,1,1,4
BRDA:3,2,0,0
BRDA:3,2,1,4
BRDA:4,3,0,5
BRDA:4,3,1,0
BRDA:4,4,0,5
BRDA:4,4,1,5
BRDA:5,5,0,0
BRDA:5,5,1,0
BRDA:5,6,0,0
BRDA:5,6,1,0
BRDA:5,7,0,0
BRDA:5,7,1,0
BRDA:5,8,0,0
BRDA:5,8,1,0
BRDA:6,9,0,5
BRDA:6,9,1,4
BRDA:6,9,2,0
BRDA:8,10,0,1
BRDA:8,10,1,1
BRDA:8,10,2,1
BRDA:9,11,0,4
BRDA:9,11,1,0
BRDA:9,12,0,4
BRDA:9,12,1,4
BRF:29
BRH:17
end_of_record
TN:
SF:dist\entity\Session.js
FN:2,(anonymous_0)
FN:8,(anonymous_1)
FNF:2
FNH:2
FNDA:4,(anonymous_0)
FNDA:3,(anonymous_1)
DA:2,1
DA:3,4
DA:4,4
DA:5,0
DA:6,4
DA:8,1
DA:9,3
DA:11,1
DA:12,1
DA:13,1
DA:14,1
DA:16,1
DA:20,1
DA:24,1
DA:28,1
DA:31,1
LF:16
LH:15
BRDA:2,0,0,1
BRDA:2,0,1,1
BRDA:2,0,2,1
BRDA:3,1,0,1
BRDA:3,1,1,3
BRDA:3,2,0,0
BRDA:3,2,1,3
BRDA:4,3,0,4
BRDA:4,3,1,0
BRDA:4,4,0,4
BRDA:4,4,1,4
BRDA:5,5,0,0
BRDA:5,5,1,0
BRDA:5,6,0,0
BRDA:5,6,1,0
BRDA:5,7,0,0
BRDA:5,7,1,0
BRDA:5,8,0,0
BRDA:5,8,1,0
BRDA:6,9,0,4
BRDA:6,9,1,3
BRDA:6,9,2,0
BRDA:8,10,0,1
BRDA:8,10,1,1
BRDA:8,10,2,1
BRDA:9,11,0,3
BRDA:9,11,1,0
BRDA:9,12,0,3
BRDA:9,12,1,3
BRF:29
BRH:17
end_of_record
TN:
SF:dist\entity\Staff.js
FN:2,(anonymous_0)
FN:8,(anonymous_1)
FN:11,(anonymous_2)
FN:12,adopt
FN:12,(anonymous_4)
FN:13,(anonymous_5)
FN:14,fulfilled
FN:15,rejected
FN:16,step
FN:29,(anonymous_9)
FN:30,(anonymous_10)
FN:43,(anonymous_11)
FN:75,(anonymous_12)
FN:75,(anonymous_13)
FN:79,(anonymous_14)
FN:79,(anonymous_15)
FN:83,(anonymous_16)
FN:83,(anonymous_17)
FN:91,(anonymous_18)
FN:91,(anonymous_19)
FNF:20
FNH:2
FNDA:13,(anonymous_0)
FNDA:12,(anonymous_1)
FNDA:0,(anonymous_2)
FNDA:0,adopt
FNDA:0,(anonymous_4)
FNDA:0,(anonymous_5)
FNDA:0,fulfilled
FNDA:0,rejected
FNDA:0,step
FNDA:0,(anonymous_9)
FNDA:0,(anonymous_10)
FNDA:0,(anonymous_11)
FNDA:0,(anonymous_12)
FNDA:0,(anonymous_13)
FNDA:0,(anonymous_14)
FNDA:0,(anonymous_15)
FNDA:0,(anonymous_16)
FNDA:0,(anonymous_17)
FNDA:0,(anonymous_18)
FNDA:0,(anonymous_19)
DA:2,1
DA:3,13
DA:4,13
DA:5,0
DA:6,13
DA:8,1
DA:9,12
DA:11,1
DA:12,0
DA:13,0
DA:14,0
DA:15,0
DA:16,0
DA:17,0
DA:20,1
DA:21,1
DA:22,1
DA:23,1
DA:24,1
DA:25,1
DA:26,1
DA:27,1
DA:28,1
DA:30,0
DA:31,0
DA:32,0
DA:34,0
DA:40,0
DA:44,0
DA:47,1
DA:51,1
DA:55,1
DA:59,1
DA:63,1
DA:67,1
DA:74,1
DA:75,0
DA:78,1
DA:79,0
DA:82,1
DA:83,0
DA:86,1
DA:90,1
DA:91,0
DA:94,1
DA:98,1
DA:101,1
LF:47
LH:30
BRDA:2,0,0,1
BRDA:2,0,1,1
BRDA:2,0,2,1
BRDA:3,1,0,1
BRDA:3,1,1,12
BRDA:3,2,0,0
BRDA:3,2,1,12
BRDA:4,3,0,13
BRDA:4,3,1,0
BRDA:4,4,0,13
BRDA:4,4,1,13
BRDA:5,5,0,0
BRDA:5,5,1,0
BRDA:5,6,0,0
BRDA:5,6,1,0
BRDA:5,7,0,0
BRDA:5,7,1,0
BRDA:5,8,0,0
BRDA:5,8,1,0
BRDA:6,9,0,13
BRDA:6,9,1,12
BRDA:6,9,2,0
BRDA:8,10,0,1
BRDA:8,10,1,1
BRDA:8,10,2,1
BRDA:9,11,0,12
BRDA:9,11,1,0
BRDA:9,12,0,12
BRDA:9,12,1,12
BRDA:11,13,0,1
BRDA:11,13,1,1
BRDA:11,13,2,1
BRDA:12,14,0,0
BRDA:12,14,1,0
BRDA:13,15,0,0
BRDA:13,15,1,0
BRDA:16,16,0,0
BRDA:16,16,1,0
BRDA:17,17,0,0
BRDA:17,17,1,0
BRDA:31,18,0,0
BRDA:31,18,1,0
BRF:42
BRH:20
end_of_record
TN:
SF:dist\entity\StaffPreference.js
FN:2,(anonymous_0)
FN:8,(anonymous_1)
FN:35,(anonymous_2)
FN:35,(anonymous_3)
FN:43,(anonymous_4)
FNF:5
FNH:2
FNDA:9,(anonymous_0)
FNDA:8,(anonymous_1)
FNDA:0,(anonymous_2)
FNDA:0,(anonymous_3)
FNDA:0,(anonymous_4)
DA:2,1
DA:3,9
DA:4,9
DA:5,0
DA:6,9
DA:8,1
DA:9,8
DA:11,1
DA:12,1
DA:13,1
DA:14,1
DA:15,1
DA:16,1
DA:18,1
DA:22,1
DA:26,1
DA:30,1
DA:34,1
DA:35,0
DA:38,1
DA:42,1
DA:43,0
DA:46,1
DA:50,1
DA:53,1
LF:25
LH:22
BRDA:2,0,0,1
BRDA:2,0,1,1
BRDA:2,0,2,1
BRDA:3,1,0,1
BRDA:3,1,1,8
BRDA:3,2,0,0
BRDA:3,2,1,8
BRDA:4,3,0,9
BRDA:4,3,1,0
BRDA:4,4,0,9
BRDA:4,4,1,9
BRDA:5,5,0,0
BRDA:5,5,1,0
BRDA:5,6,0,0
BRDA:5,6,1,0
BRDA:5,7,0,0
BRDA:5,7,1,0
BRDA:5,8,0,0
BRDA:5,8,1,0
BRDA:6,9,0,9
BRDA:6,9,1,8
BRDA:6,9,2,0
BRDA:8,10,0,1
BRDA:8,10,1,1
BRDA:8,10,2,1
BRDA:9,11,0,8
BRDA:9,11,1,0
BRDA:9,12,0,8
BRDA:9,12,1,8
BRF:29
BRH:17
end_of_record
TN:
SF:dist\entity\Unit.js
FN:2,(anonymous_0)
FN:8,(anonymous_1)
FN:50,(anonymous_2)
FN:50,(anonymous_3)
FN:54,(anonymous_4)
FN:54,(anonymous_5)
FN:58,(anonymous_6)
FN:58,(anonymous_7)
FNF:8
FNH:2
FNDA:10,(anonymous_0)
FNDA:9,(anonymous_1)
FNDA:0,(anonymous_2)
FNDA:0,(anonymous_3)
FNDA:0,(anonymous_4)
FNDA:0,(anonymous_5)
FNDA:0,(anonymous_6)
FNDA:0,(anonymous_7)
DA:2,1
DA:3,10
DA:4,10
DA:5,0
DA:6,10
DA:8,1
DA:9,9
DA:11,1
DA:12,1
DA:13,1
DA:14,1
DA:15,1
DA:16,1
DA:17,1
DA:19,1
DA:23,1
DA:30,1
DA:34,1
DA:41,1
DA:45,1
DA:49,1
DA:50,0
DA:53,1
DA:54,0
DA:57,1
DA:58,0
DA:61,1
DA:65,1
LF:28
LH:24
BRDA:2,0,0,1
BRDA:2,0,1,1
BRDA:2,0,2,1
BRDA:3,1,0,1
BRDA:3,1,1,9
BRDA:3,2,0,0
BRDA:3,2,1,9
BRDA:4,3,0,10
BRDA:4,3,1,0
BRDA:4,4,0,10
BRDA:4,4,1,10
BRDA:5,5,0,0
BRDA:5,5,1,0
BRDA:5,6,0,0
BRDA:5,6,1,0
BRDA:5,7,0,0
BRDA:5,7,1,0
BRDA:5,8,0,0
BRDA:5,8,1,0
BRDA:6,9,0,10
BRDA:6,9,1,9
BRDA:6,9,2,0
BRDA:8,10,0,1
BRDA:8,10,1,1
BRDA:8,10,2,1
BRDA:9,11,0,9
BRDA:9,11,1,0
BRDA:9,12,0,9
BRDA:9,12,1,9
BRF:29
BRH:17
end_of_record
TN:
SF:dist\entity\index.js
FN:5,(anonymous_0)
FN:7,(anonymous_1)
FN:9,(anonymous_2)
FN:11,(anonymous_3)
FN:13,(anonymous_4)
FN:15,(anonymous_5)
FN:17,(anonymous_6)
FN:19,(anonymous_7)
FN:21,(anonymous_8)
FNF:9
FNH:6
FNDA:1,(anonymous_0)
FNDA:1,(anonymous_1)
FNDA:1,(anonymous_2)
FNDA:0,(anonymous_3)
FNDA:1,(anonymous_4)
FNDA:1,(anonymous_5)
FNDA:1,(anonymous_6)
FNDA:0,(anonymous_7)
FNDA:0,(anonymous_8)
DA:2,1
DA:3,1
DA:4,1
DA:5,1
DA:6,1
DA:7,1
DA:8,1
DA:9,1
DA:10,1
DA:11,1
DA:12,1
DA:13,1
DA:14,1
DA:15,1
DA:16,1
DA:17,1
DA:18,1
DA:19,1
DA:20,1
DA:21,1
LF:20
LH:20
BRF:0
BRH:0
end_of_record
TN:
SF:dist\enums\DayOfWeek.js
FN:5,(anonymous_0)
FNF:1
FNH:1
FNDA:1,(anonymous_0)
DA:2,1
DA:3,1
DA:5,1
DA:6,1
DA:7,1
DA:8,1
DA:9,1
DA:10,1
LF:8
LH:8
BRDA:11,0,0,1
BRDA:11,0,1,1
BRF:2
BRH:2
end_of_record
TN:
SF:dist\enums\RoleEnum.js
FN:5,(anonymous_0)
FN:10,(anonymous_1)
FNF:2
FNH:2
FNDA:1,(anonymous_0)
FNDA:1,(anonymous_1)
DA:2,1
DA:3,1
DA:5,1
DA:6,1
DA:7,1
DA:10,1
DA:11,1
DA:12,1
LF:8
LH:8
BRDA:8,0,0,1
BRDA:8,0,1,1
BRDA:13,1,0,1
BRDA:13,1,1,1
BRF:4
BRH:4
end_of_record
TN:
SF:src\config.ts
FNF:0
FNH:0
DA:2,2
DA:24,2
DA:46,2
DA:47,2
LF:4
LH:4
BRDA:47,0,0,0
BRDA:47,0,1,2
BRF:2
BRH:1
end_of_record
TN:
SF:src\ormconfig.ts
FNF:0
FNH:0
DA:1,2
DA:5,2
DA:8,2
DA:9,2
LF:4
LH:4
BRDA:11,0,0,2
BRDA:11,0,1,0
BRDA:12,1,0,2
BRDA:12,1,1,0
BRDA:13,2,0,2
BRDA:13,2,1,0
BRDA:14,3,0,2
BRDA:14,3,1,0
BRDA:15,4,0,2
BRDA:15,4,1,0
BRDA:16,5,0,2
BRDA:16,5,1,2
BRDA:17,6,0,2
BRDA:17,6,1,2
BRF:14
BRH:9
end_of_record
TN:
SF:src\database\factories\Activity.factory.ts
FN:6,(anonymous_0)
FNF:1
FNH:1
FNDA:2,(anonymous_0)
DA:2,2
DA:3,2
DA:4,2
DA:6,2
DA:7,2
DA:8,2
DA:9,2
DA:10,2
DA:11,2
DA:12,2
DA:13,2
DA:15,2
DA:21,2
DA:27,2
DA:28,2
LF:15
LH:15
BRF:0
BRH:0
end_of_record
TN:
SF:src\database\factories\Staff.factory.ts
FN:5,(anonymous_0)
FNF:1
FNH:1
FNDA:2,(anonymous_0)
DA:2,2
DA:3,2
DA:5,2
DA:6,2
DA:7,2
DA:8,2
DA:9,2
DA:10,2
DA:11,2
DA:12,2
DA:13,2
LF:11
LH:11
BRF:0
BRH:0
end_of_record
TN:
SF:src\database\factories\allocation.factory.ts
FN:5,(anonymous_0)
FNF:1
FNH:1
FNDA:2,(anonymous_0)
DA:2,2
DA:3,2
DA:5,2
DA:6,2
DA:7,2
DA:8,2
DA:9,2
DA:10,2
LF:8
LH:8
BRF:0
BRH:0
end_of_record
TN:
SF:src\database\factories\availability.factory.ts
FN:6,(anonymous_0)
FNF:1
FNH:1
FNDA:2,(anonymous_0)
DA:2,2
DA:3,2
DA:4,2
DA:6,2
DA:7,2
DA:8,2
DA:9,2
DA:10,2
DA:11,2
DA:12,2
DA:13,2
DA:14,2
DA:15,2
DA:16,2
LF:14
LH:14
BRF:0
BRH:0
end_of_record
TN:
SF:src\database\factories\staffPreference.factory.ts
FN:5,(anonymous_0)
FNF:1
FNH:1
FNDA:2,(anonymous_0)
DA:2,2
DA:3,2
DA:5,2
DA:6,2
DA:7,2
DA:8,2
DA:9,2
DA:10,2
DA:11,2
DA:12,2
DA:13,2
LF:11
LH:11
BRF:0
BRH:0
end_of_record
TN:
SF:src\database\factories\unit.factory.ts
FN:5,(anonymous_0)
FNF:1
FNH:1
FNDA:2,(anonymous_0)
DA:2,2
DA:3,2
DA:5,2
DA:6,2
DA:8,2
DA:9,2
DA:10,2
DA:11,2
DA:12,2
DA:13,2
DA:14,2
DA:15,2
LF:12
LH:12
BRF:0
BRH:0
end_of_record
TN:
SF:src\entity\Activity.ts
FN:52,(anonymous_2)
FN:52,(anonymous_3)
FN:58,(anonymous_4)
FN:58,(anonymous_5)
FNF:4
FNH:0
FNDA:0,(anonymous_2)
FNDA:0,(anonymous_3)
FNDA:0,(anonymous_4)
FNDA:0,(anonymous_5)
DA:1,2
DA:11,2
DA:12,2
DA:13,2
DA:17,2
DA:19,2
DA:22,2
DA:25,2
DA:32,2
DA:35,2
DA:38,2
DA:44,2
DA:47,2
DA:50,2
DA:52,0
DA:53,2
DA:58,0
DA:60,2
DA:63,2
LF:19
LH:17
BRF:0
BRH:0
end_of_record
TN:
SF:src\entity\Allocation.ts
FN:18,(anonymous_2)
FN:18,(anonymous_3)
FN:26,(anonymous_4)
FN:26,(anonymous_5)
FN:41,(anonymous_6)
FN:41,(anonymous_7)
FNF:6
FNH:0
FNDA:0,(anonymous_2)
FNDA:0,(anonymous_3)
FNDA:0,(anonymous_4)
FNDA:0,(anonymous_5)
FNDA:0,(anonymous_6)
FNDA:0,(anonymous_7)
DA:1,2
DA:9,2
DA:10,2
DA:11,2
DA:14,2
DA:16,2
DA:18,0
DA:21,2
DA:24,2
DA:26,0
DA:27,2
DA:30,2
DA:33,2
DA:36,2
DA:39,2
DA:41,0
DA:42,2
LF:17
LH:14
BRF:0
BRH:0
end_of_record
TN:
SF:src\entity\Availability.ts
FN:35,(anonymous_2)
FN:35,(anonymous_3)
FNF:2
FNH:0
FNDA:0,(anonymous_2)
FNDA:0,(anonymous_3)
DA:1,2
DA:8,2
DA:9,2
DA:12,2
DA:14,2
DA:18,2
DA:21,2
DA:24,2
DA:27,2
DA:30,2
DA:33,2
DA:35,0
DA:36,2
DA:39,2
LF:14
LH:13
BRF:0
BRH:0
end_of_record
TN:
SF:src\entity\Role.ts
FN:26,(anonymous_2)
FN:33,(anonymous_3)
FNF:2
FNH:0
FNDA:0,(anonymous_2)
FNDA:0,(anonymous_3)
DA:1,2
DA:13,2
DA:14,2
DA:15,2
DA:19,2
DA:21,2
DA:24,2
DA:26,0
DA:28,2
DA:31,2
DA:33,0
DA:35,2
DA:38,2
LF:13
LH:11
BRF:0
BRH:0
end_of_record
TN:
SF:src\entity\Rule.ts
FNF:0
FNH:0
DA:1,2
DA:4,2
DA:6,2
DA:9,2
DA:12,2
DA:15,2
LF:6
LH:6
BRF:0
BRH:0
end_of_record
TN:
SF:src\entity\Session.ts
FNF:0
FNH:0
DA:1,2
DA:5,2
DA:7,2
DA:10,2
DA:13,2
LF:5
LH:5
BRF:0
BRH:0
end_of_record
TN:
SF:src\entity\Staff.ts
FN:59,(anonymous_9)
FN:72,(anonymous_11)
FN:38,(anonymous_12)
FN:38,(anonymous_13)
FN:41,(anonymous_14)
FN:41,(anonymous_15)
FN:44,(anonymous_16)
FN:44,(anonymous_17)
FN:47,(anonymous_18)
FN:47,(anonymous_19)
FN:53,(anonymous_20)
FN:53,(anonymous_21)
FNF:12
FNH:0
FNDA:0,(anonymous_9)
FNDA:0,(anonymous_11)
FNDA:0,(anonymous_12)
FNDA:0,(anonymous_13)
FNDA:0,(anonymous_14)
FNDA:0,(anonymous_15)
FNDA:0,(anonymous_16)
FNDA:0,(anonymous_17)
FNDA:0,(anonymous_18)
FNDA:0,(anonymous_19)
FNDA:0,(anonymous_20)
FNDA:0,(anonymous_21)
DA:1,2
DA:8,2
DA:9,2
DA:10,2
DA:11,2
DA:12,2
DA:13,2
DA:16,2
DA:18,2
DA:21,2
DA:24,2
DA:27,2
DA:30,2
DA:36,2
DA:38,0
DA:39,2
DA:41,0
DA:42,2
DA:44,0
DA:45,2
DA:47,0
DA:48,2
DA:51,2
DA:53,0
DA:54,2
DA:57,2
DA:60,0
DA:63,0
DA:69,0
DA:73,0
LF:30
LH:21
BRDA:60,0,0,0
BRDA:60,0,1,0
BRF:2
BRH:0
end_of_record
TN:
SF:src\entity\StaffPreference.ts
FN:25,(anonymous_2)
FN:25,(anonymous_3)
FN:31,(anonymous_4)
FNF:3
FNH:0
FNDA:0,(anonymous_2)
FNDA:0,(anonymous_3)
FNDA:0,(anonymous_4)
DA:1,2
DA:8,2
DA:9,2
DA:12,2
DA:14,2
DA:17,2
DA:20,2
DA:23,2
DA:25,0
DA:26,2
DA:29,2
DA:31,0
DA:32,2
DA:35,2
LF:14
LH:12
BRF:0
BRH:0
end_of_record
TN:
SF:src\entity\StatusLog.ts
FN:16,(anonymous_2)
FN:16,(anonymous_3)
FN:24,(anonymous_4)
FN:24,(anonymous_5)
FNF:4
FNH:0
FNDA:0,(anonymous_2)
FNDA:0,(anonymous_3)
FNDA:0,(anonymous_4)
FNDA:0,(anonymous_5)
DA:1,2
DA:8,2
DA:9,2
DA:12,2
DA:14,2
DA:16,0
DA:19,2
DA:22,2
DA:24,0
DA:25,2
DA:28,2
DA:31,2
DA:34,2
LF:13
LH:11
BRF:0
BRH:0
end_of_record
TN:
SF:src\entity\Unit.ts
FN:40,(anonymous_2)
FN:40,(anonymous_3)
FN:43,(anonymous_4)
FN:43,(anonymous_5)
FN:46,(anonymous_6)
FN:46,(anonymous_7)
FNF:6
FNH:0
FNDA:0,(anonymous_2)
FNDA:0,(anonymous_3)
FNDA:0,(anonymous_4)
FNDA:0,(anonymous_5)
FNDA:0,(anonymous_6)
FNDA:0,(anonymous_7)
DA:1,2
DA:9,2
DA:10,2
DA:11,2
DA:15,2
DA:17,2
DA:23,2
DA:26,2
DA:32,2
DA:35,2
DA:38,2
DA:40,0
DA:41,2
DA:43,0
DA:44,2
DA:46,0
DA:47,2
LF:17
LH:14
BRF:0
BRH:0
end_of_record
TN:
SF:src\entity\index.ts
FN:14,(anonymous_0)
FN:15,(anonymous_1)
FN:16,(anonymous_2)
FN:18,(anonymous_3)
FN:12,(anonymous_4)
FN:17,(anonymous_5)
FN:13,(anonymous_6)
FN:20,(anonymous_7)
FN:19,(anonymous_8)
FNF:9
FNH:6
FNDA:7,(anonymous_0)
FNDA:5,(anonymous_1)
FNDA:5,(anonymous_2)
FNDA:0,(anonymous_3)
FNDA:11,(anonymous_4)
FNDA:5,(anonymous_5)
FNDA:9,(anonymous_6)
FNDA:0,(anonymous_7)
FNDA:0,(anonymous_8)
DA:1,2
DA:2,2
DA:3,2
DA:4,2
DA:5,2
DA:6,2
DA:7,2
DA:8,2
DA:9,2
DA:12,13
DA:13,11
DA:14,9
DA:15,7
DA:16,7
DA:17,7
DA:18,2
DA:19,2
DA:20,2
LF:18
LH:18
BRF:0
BRH:0
end_of_record
TN:
SF:src\enums\DayOfWeek.ts
FN:1,(anonymous_0)
FNF:1
FNH:1
FNDA:2,(anonymous_0)
DA:1,2
DA:2,2
DA:3,2
DA:4,2
DA:5,2
DA:6,2
LF:6
LH:6
BRDA:1,0,0,2
BRDA:1,0,1,2
BRF:2
BRH:2
end_of_record
TN:
SF:src\enums\RoleEnum.ts
FN:1,(anonymous_0)
FN:6,(anonymous_1)
FNF:2
FNH:2
FNDA:2,(anonymous_0)
FNDA:2,(anonymous_1)
DA:1,2
DA:2,2
DA:3,2
DA:6,2
DA:7,2
DA:8,2
LF:6
LH:6
BRDA:1,0,0,2
BRDA:1,0,1,2
BRDA:6,1,0,2
BRDA:6,1,1,2
BRF:4
BRH:4
end_of_record
TN:
SF:src\migrations\1610274224847-init.ts
FN:3,(anonymous_7)
FN:6,(anonymous_8)
FN:15,(anonymous_10)
FNF:3
FNH:1
FNDA:2,(anonymous_7)
FNDA:0,(anonymous_8)
FNDA:0,(anonymous_10)
DA:3,2
DA:4,2
DA:7,0
DA:10,0
DA:16,0
DA:19,0
LF:6
LH:2
BRF:0
BRH:0
end_of_record
